{"/home/travis/build/npmtest/node-npmtest-clarinet/test.js":{"path":"/home/travis/build/npmtest/node-npmtest-clarinet/test.js","s":{"1":2,"2":2,"3":2,"4":2,"5":2,"6":2,"7":2,"8":1,"9":2,"10":2,"11":1,"12":1,"13":1,"14":1,"15":2,"16":2,"17":2,"18":2,"19":1,"20":1,"21":2,"22":2,"23":2,"24":1,"25":1,"26":1,"27":1,"28":1,"29":1,"30":1,"31":1,"32":1,"33":1,"34":1,"35":1,"36":1,"37":1,"38":1,"39":2,"40":2,"41":1,"42":2,"43":2,"44":1,"45":2,"46":2,"47":1,"48":2,"49":2,"50":1,"51":1,"52":1,"53":1,"54":1},"b":{"1":[2,1,1,1],"2":[1,1,1,1],"3":[1,1],"4":[1,1],"5":[1,1],"6":[1,1],"7":[1,1],"8":[1,1],"9":[1,1],"10":[1,1,1],"11":[1,1],"12":[1,1],"13":[1,1],"14":[1,1],"15":[1,1],"16":[1,1],"17":[1,1]},"f":{"1":2,"2":2,"3":2,"4":2,"5":2,"6":1,"7":1,"8":1,"9":2,"10":2,"11":2,"12":2,"13":1},"fnMap":{"1":{"name":"(anonymous_1)","line":12,"loc":{"start":{"line":12,"column":1},"end":{"line":12,"column":13}}},"2":{"name":"(anonymous_2)","line":19,"loc":{"start":{"line":19,"column":5},"end":{"line":19,"column":17}}},"3":{"name":"(anonymous_3)","line":23,"loc":{"start":{"line":23,"column":24},"end":{"line":23,"column":36}}},"4":{"name":"(anonymous_4)","line":61,"loc":{"start":{"line":61,"column":5},"end":{"line":61,"column":17}}},"5":{"name":"(anonymous_5)","line":82,"loc":{"start":{"line":82,"column":5},"end":{"line":82,"column":17}}},"6":{"name":"(anonymous_6)","line":91,"loc":{"start":{"line":91,"column":77},"end":{"line":94,"column":10}}},"7":{"name":"(anonymous_7)","line":112,"loc":{"start":{"line":112,"column":83},"end":{"line":115,"column":10}},"skip":true},"8":{"name":"(anonymous_8)","line":123,"loc":{"start":{"line":123,"column":77},"end":{"line":126,"column":10}},"skip":true},"9":{"name":"(anonymous_9)","line":139,"loc":{"start":{"line":139,"column":12},"end":{"line":139,"column":40}},"skip":true},"10":{"name":"(anonymous_10)","line":147,"loc":{"start":{"line":147,"column":77},"end":{"line":150,"column":10}},"skip":true},"11":{"name":"(anonymous_11)","line":158,"loc":{"start":{"line":158,"column":83},"end":{"line":161,"column":10}},"skip":true},"12":{"name":"(anonymous_12)","line":169,"loc":{"start":{"line":169,"column":79},"end":{"line":172,"column":10}},"skip":true},"13":{"name":"(anonymous_13)","line":180,"loc":{"start":{"line":180,"column":75},"end":{"line":183,"column":10}},"skip":true}},"statementMap":{"1":{"start":{"line":12,"column":0},"end":{"line":195,"column":5}},"2":{"start":{"line":14,"column":4},"end":{"line":14,"column":14}},"3":{"start":{"line":19,"column":4},"end":{"line":56,"column":9}},"4":{"start":{"line":21,"column":8},"end":{"line":21,"column":19}},"5":{"start":{"line":23,"column":8},"end":{"line":35,"column":13}},"6":{"start":{"line":24,"column":12},"end":{"line":34,"column":13}},"7":{"start":{"line":25,"column":16},"end":{"line":28,"column":30}},"8":{"start":{"line":30,"column":16},"end":{"line":33,"column":27}},"9":{"start":{"line":37,"column":8},"end":{"line":39,"column":21}},"10":{"start":{"line":40,"column":8},"end":{"line":53,"column":9}},"11":{"start":{"line":43,"column":12},"end":{"line":46,"column":14}},"12":{"start":{"line":47,"column":12},"end":{"line":47,"column":18}},"13":{"start":{"line":50,"column":12},"end":{"line":51,"column":46}},"14":{"start":{"line":52,"column":12},"end":{"line":52,"column":18}},"15":{"start":{"line":55,"column":8},"end":{"line":55,"column":35}},"16":{"start":{"line":61,"column":4},"end":{"line":63,"column":9}},"17":{"start":{"line":62,"column":8},"end":{"line":62,"column":15}},"18":{"start":{"line":64,"column":4},"end":{"line":77,"column":5}},"19":{"start":{"line":70,"column":8},"end":{"line":70,"column":14}},"20":{"start":{"line":76,"column":8},"end":{"line":76,"column":14}},"21":{"start":{"line":82,"column":4},"end":{"line":84,"column":9}},"22":{"start":{"line":83,"column":8},"end":{"line":83,"column":15}},"23":{"start":{"line":85,"column":4},"end":{"line":194,"column":5}},"24":{"start":{"line":91,"column":8},"end":{"line":99,"column":10}},"25":{"start":{"line":98,"column":12},"end":{"line":98,"column":35}},"26":{"start":{"line":102,"column":8},"end":{"line":104,"column":63}},"27":{"start":{"line":105,"column":8},"end":{"line":105,"column":14}},"28":{"start":{"line":112,"column":8},"end":{"line":121,"column":10},"skip":true},"29":{"start":{"line":119,"column":12},"end":{"line":119,"column":55},"skip":true},"30":{"start":{"line":120,"column":12},"end":{"line":120,"column":48},"skip":true},"31":{"start":{"line":123,"column":8},"end":{"line":136,"column":10},"skip":true},"32":{"start":{"line":130,"column":12},"end":{"line":130,"column":76},"skip":true},"33":{"start":{"line":131,"column":12},"end":{"line":131,"column":73},"skip":true},"34":{"start":{"line":132,"column":12},"end":{"line":132,"column":74},"skip":true},"35":{"start":{"line":133,"column":12},"end":{"line":133,"column":79},"skip":true},"36":{"start":{"line":134,"column":12},"end":{"line":134,"column":25},"skip":true},"37":{"start":{"line":135,"column":12},"end":{"line":135,"column":45},"skip":true},"38":{"start":{"line":138,"column":8},"end":{"line":145,"column":14},"skip":true},"39":{"start":{"line":143,"column":16},"end":{"line":143,"column":29},"skip":true},"40":{"start":{"line":144,"column":16},"end":{"line":144,"column":55},"skip":true},"41":{"start":{"line":147,"column":8},"end":{"line":156,"column":10},"skip":true},"42":{"start":{"line":154,"column":12},"end":{"line":154,"column":25},"skip":true},"43":{"start":{"line":155,"column":12},"end":{"line":155,"column":45},"skip":true},"44":{"start":{"line":158,"column":8},"end":{"line":167,"column":10},"skip":true},"45":{"start":{"line":165,"column":12},"end":{"line":165,"column":25},"skip":true},"46":{"start":{"line":166,"column":12},"end":{"line":166,"column":48},"skip":true},"47":{"start":{"line":169,"column":8},"end":{"line":178,"column":10},"skip":true},"48":{"start":{"line":176,"column":12},"end":{"line":176,"column":25},"skip":true},"49":{"start":{"line":177,"column":12},"end":{"line":177,"column":46},"skip":true},"50":{"start":{"line":180,"column":8},"end":{"line":189,"column":10},"skip":true},"51":{"start":{"line":187,"column":12},"end":{"line":187,"column":94},"skip":true},"52":{"start":{"line":188,"column":12},"end":{"line":188,"column":48},"skip":true},"53":{"start":{"line":192,"column":8},"end":{"line":192,"column":35},"skip":true},"54":{"start":{"line":193,"column":8},"end":{"line":193,"column":14},"skip":true}},"branchMap":{"1":{"line":25,"type":"binary-expr","locations":[{"start":{"line":25,"column":23},"end":{"line":25,"column":62}},{"start":{"line":26,"column":20},"end":{"line":26,"column":70}},{"start":{"line":27,"column":20},"end":{"line":27,"column":71}},{"start":{"line":28,"column":20},"end":{"line":28,"column":29}}]},"2":{"line":30,"type":"binary-expr","locations":[{"start":{"line":30,"column":23},"end":{"line":30,"column":37}},{"start":{"line":31,"column":20},"end":{"line":31,"column":61}},{"start":{"line":32,"column":20},"end":{"line":32,"column":70}},{"start":{"line":33,"column":20},"end":{"line":33,"column":26}}]},"3":{"line":37,"type":"cond-expr","locations":[{"start":{"line":38,"column":14},"end":{"line":38,"column":20}},{"start":{"line":39,"column":14},"end":{"line":39,"column":20}}]},"4":{"line":40,"type":"switch","locations":[{"start":{"line":42,"column":8},"end":{"line":47,"column":18}},{"start":{"line":49,"column":8},"end":{"line":52,"column":18}}]},"5":{"line":44,"type":"binary-expr","locations":[{"start":{"line":44,"column":16},"end":{"line":44,"column":44}},{"start":{"line":44,"column":48},"end":{"line":44,"column":66}}]},"6":{"line":50,"type":"binary-expr","locations":[{"start":{"line":50,"column":21},"end":{"line":50,"column":49}},{"start":{"line":50,"column":53},"end":{"line":50,"column":72}}]},"7":{"line":64,"type":"switch","locations":[{"start":{"line":69,"column":4},"end":{"line":70,"column":14}},{"start":{"line":75,"column":4},"end":{"line":76,"column":14}}]},"8":{"line":85,"type":"switch","locations":[{"start":{"line":90,"column":4},"end":{"line":105,"column":14}},{"start":{"line":111,"column":4},"end":{"line":193,"column":14},"skip":true}]},"9":{"line":91,"type":"binary-expr","locations":[{"start":{"line":91,"column":42},"end":{"line":91,"column":73}},{"start":{"line":91,"column":77},"end":{"line":99,"column":9}}]},"10":{"line":102,"type":"binary-expr","locations":[{"start":{"line":102,"column":18},"end":{"line":102,"column":32}},{"start":{"line":103,"column":12},"end":{"line":103,"column":53}},{"start":{"line":104,"column":12},"end":{"line":104,"column":61}}]},"11":{"line":112,"type":"binary-expr","locations":[{"start":{"line":112,"column":45},"end":{"line":112,"column":79},"skip":true},{"start":{"line":112,"column":83},"end":{"line":121,"column":9},"skip":true}]},"12":{"line":123,"type":"binary-expr","locations":[{"start":{"line":123,"column":42},"end":{"line":123,"column":73},"skip":true},{"start":{"line":123,"column":77},"end":{"line":136,"column":9},"skip":true}]},"13":{"line":138,"type":"binary-expr","locations":[{"start":{"line":138,"column":48},"end":{"line":138,"column":85},"skip":true},{"start":{"line":139,"column":12},"end":{"line":145,"column":13},"skip":true}]},"14":{"line":147,"type":"binary-expr","locations":[{"start":{"line":147,"column":42},"end":{"line":147,"column":73},"skip":true},{"start":{"line":147,"column":77},"end":{"line":156,"column":9},"skip":true}]},"15":{"line":158,"type":"binary-expr","locations":[{"start":{"line":158,"column":45},"end":{"line":158,"column":79},"skip":true},{"start":{"line":158,"column":83},"end":{"line":167,"column":9},"skip":true}]},"16":{"line":169,"type":"binary-expr","locations":[{"start":{"line":169,"column":43},"end":{"line":169,"column":75},"skip":true},{"start":{"line":169,"column":79},"end":{"line":178,"column":9},"skip":true}]},"17":{"line":180,"type":"binary-expr","locations":[{"start":{"line":180,"column":41},"end":{"line":180,"column":71},"skip":true},{"start":{"line":180,"column":75},"end":{"line":189,"column":9},"skip":true}]}},"code":["/* istanbul instrument in package npmtest_clarinet */","/*jslint","    bitwise: true,","    browser: true,","    maxerr: 8,","    maxlen: 96,","    node: true,","    nomen: true,","    regexp: true,","    stupid: true","*/","(function () {","    'use strict';","    var local;","","","","    // run shared js-env code - pre-init","    (function () {","        // init local","        local = {};","        // init modeJs","        local.modeJs = (function () {","            try {","                return typeof navigator.userAgent === 'string' &&","                    typeof document.querySelector('body') === 'object' &&","                    typeof XMLHttpRequest.prototype.open === 'function' &&","                    'browser';","            } catch (errorCaughtBrowser) {","                return module.exports &&","                    typeof process.versions.node === 'string' &&","                    typeof require('http').createServer === 'function' &&","                    'node';","            }","        }());","        // init global","        local.global = local.modeJs === 'browser'","            ? window","            : global;","        switch (local.modeJs) {","        // re-init local from window.local","        case 'browser':","            local = local.global.utility2.objectSetDefault(","                local.global.utility2_rollup || local.global.local,","                local.global.utility2","            );","            break;","        // re-init local from example.js","        case 'node':","            local = (local.global.utility2_rollup || require('utility2'))","                .requireExampleJsFromReadme();","            break;","        }","        // export local","        local.global.local = local;","    }());","","","","    // run shared js-env code - function","    (function () {","        return;","    }());","    switch (local.modeJs) {","","","","    // run browser js-env code - function","    case 'browser':","        break;","","","","    // run node js-env code - function","    case 'node':","        break;","    }","","","","    // run shared js-env code - post-init","    (function () {","        return;","    }());","    switch (local.modeJs) {","","","","    // run browser js-env code - post-init","    case 'browser':","        local.testCase_browser_nullCase = local.testCase_browser_nullCase || function (","            options,","            onError","        ) {","        /*","         * this function will test browsers's null-case handling-behavior-behavior","         */","            onError(null, options);","        };","","        // run tests","        local.nop(local.modeTest &&","            document.querySelector('#testRunButton1') &&","            document.querySelector('#testRunButton1').click());","        break;","","","","    // run node js-env code - post-init","    /* istanbul ignore next */","    case 'node':","        local.testCase_buildApidoc_default = local.testCase_buildApidoc_default || function (","            options,","            onError","        ) {","        /*","         * this function will test buildApidoc's default handling-behavior-behavior","         */","            options = { modulePathList: module.paths };","            local.buildApidoc(options, onError);","        };","","        local.testCase_buildApp_default = local.testCase_buildApp_default || function (","            options,","            onError","        ) {","        /*","         * this function will test buildApp's default handling-behavior-behavior","         */","            local.testCase_buildReadme_default(options, local.onErrorThrow);","            local.testCase_buildLib_default(options, local.onErrorThrow);","            local.testCase_buildTest_default(options, local.onErrorThrow);","            local.testCase_buildCustomOrg_default(options, local.onErrorThrow);","            options = [];","            local.buildApp(options, onError);","        };","","        local.testCase_buildCustomOrg_default = local.testCase_buildCustomOrg_default ||","            function (options, onError) {","            /*","             * this function will test buildCustomOrg's default handling-behavior","             */","                options = {};","                local.buildCustomOrg(options, onError);","            };","","        local.testCase_buildLib_default = local.testCase_buildLib_default || function (","            options,","            onError","        ) {","        /*","         * this function will test buildLib's default handling-behavior","         */","            options = {};","            local.buildLib(options, onError);","        };","","        local.testCase_buildReadme_default = local.testCase_buildReadme_default || function (","            options,","            onError","        ) {","        /*","         * this function will test buildReadme's default handling-behavior-behavior","         */","            options = {};","            local.buildReadme(options, onError);","        };","","        local.testCase_buildTest_default = local.testCase_buildTest_default || function (","            options,","            onError","        ) {","        /*","         * this function will test buildTest's default handling-behavior","         */","            options = {};","            local.buildTest(options, onError);","        };","","        local.testCase_webpage_default = local.testCase_webpage_default || function (","            options,","            onError","        ) {","        /*","         * this function will test webpage's default handling-behavior","         */","            options = { modeCoverageMerge: true, url: local.serverLocalHost + '?modeTest=1' };","            local.browserTest(options, onError);","        };","","        // run test-server","        local.testRunServer(local);","        break;","    }","}());",""],"l":{"12":2,"14":2,"19":2,"21":2,"23":2,"24":2,"25":2,"30":1,"37":2,"40":2,"43":1,"47":1,"50":1,"52":1,"55":2,"61":2,"62":2,"64":2,"70":1,"76":1,"82":2,"83":2,"85":2,"91":1,"98":1,"102":1,"105":1,"112":1,"119":1,"120":1,"123":1,"130":1,"131":1,"132":1,"133":1,"134":1,"135":1,"138":1,"143":2,"144":2,"147":1,"154":2,"155":2,"158":1,"165":2,"166":2,"169":1,"176":2,"177":2,"180":1,"187":1,"188":1,"192":1,"193":1}},"/home/travis/build/npmtest/node-npmtest-clarinet/lib.npmtest_clarinet.js":{"path":"/home/travis/build/npmtest/node-npmtest-clarinet/lib.npmtest_clarinet.js","s":{"1":2,"2":2,"3":2,"4":2,"5":2,"6":2,"7":2,"8":1,"9":2,"10":2,"11":2,"12":2,"13":1,"14":1,"15":1,"16":1},"b":{"1":[2,1,1,1],"2":[1,1,1,1],"3":[1,1],"4":[2,2],"5":[1,1]},"f":{"1":2,"2":2,"3":2},"fnMap":{"1":{"name":"(anonymous_1)","line":12,"loc":{"start":{"line":12,"column":1},"end":{"line":12,"column":13}}},"2":{"name":"(anonymous_2)","line":19,"loc":{"start":{"line":19,"column":5},"end":{"line":19,"column":17}}},"3":{"name":"(anonymous_3)","line":23,"loc":{"start":{"line":23,"column":24},"end":{"line":23,"column":36}}}},"statementMap":{"1":{"start":{"line":12,"column":0},"end":{"line":53,"column":5}},"2":{"start":{"line":14,"column":4},"end":{"line":14,"column":14}},"3":{"start":{"line":19,"column":4},"end":{"line":52,"column":9}},"4":{"start":{"line":21,"column":8},"end":{"line":21,"column":19}},"5":{"start":{"line":23,"column":8},"end":{"line":35,"column":13}},"6":{"start":{"line":24,"column":12},"end":{"line":34,"column":13}},"7":{"start":{"line":25,"column":16},"end":{"line":28,"column":30}},"8":{"start":{"line":30,"column":16},"end":{"line":33,"column":27}},"9":{"start":{"line":37,"column":8},"end":{"line":39,"column":21}},"10":{"start":{"line":41,"column":8},"end":{"line":41,"column":54}},"11":{"start":{"line":43,"column":8},"end":{"line":43,"column":53}},"12":{"start":{"line":45,"column":8},"end":{"line":51,"column":9}},"13":{"start":{"line":46,"column":12},"end":{"line":46,"column":59}},"14":{"start":{"line":48,"column":12},"end":{"line":48,"column":35}},"15":{"start":{"line":49,"column":12},"end":{"line":49,"column":49}},"16":{"start":{"line":50,"column":12},"end":{"line":50,"column":43}}},"branchMap":{"1":{"line":25,"type":"binary-expr","locations":[{"start":{"line":25,"column":23},"end":{"line":25,"column":62}},{"start":{"line":26,"column":20},"end":{"line":26,"column":70}},{"start":{"line":27,"column":20},"end":{"line":27,"column":71}},{"start":{"line":28,"column":20},"end":{"line":28,"column":29}}]},"2":{"line":30,"type":"binary-expr","locations":[{"start":{"line":30,"column":23},"end":{"line":30,"column":37}},{"start":{"line":31,"column":20},"end":{"line":31,"column":61}},{"start":{"line":32,"column":20},"end":{"line":32,"column":70}},{"start":{"line":33,"column":20},"end":{"line":33,"column":26}}]},"3":{"line":37,"type":"cond-expr","locations":[{"start":{"line":38,"column":14},"end":{"line":38,"column":20}},{"start":{"line":39,"column":14},"end":{"line":39,"column":20}}]},"4":{"line":41,"type":"binary-expr","locations":[{"start":{"line":41,"column":16},"end":{"line":41,"column":44}},{"start":{"line":41,"column":48},"end":{"line":41,"column":53}}]},"5":{"line":45,"type":"if","locations":[{"start":{"line":45,"column":8},"end":{"line":45,"column":8}},{"start":{"line":45,"column":8},"end":{"line":45,"column":8}}]}},"code":["/* istanbul instrument in package npmtest_clarinet */","/*jslint","    bitwise: true,","    browser: true,","    maxerr: 8,","    maxlen: 96,","    node: true,","    nomen: true,","    regexp: true,","    stupid: true","*/","(function () {","    'use strict';","    var local;","","","","    // run shared js-env code - pre-init","    (function () {","        // init local","        local = {};","        // init modeJs","        local.modeJs = (function () {","            try {","                return typeof navigator.userAgent === 'string' &&","                    typeof document.querySelector('body') === 'object' &&","                    typeof XMLHttpRequest.prototype.open === 'function' &&","                    'browser';","            } catch (errorCaughtBrowser) {","                return module.exports &&","                    typeof process.versions.node === 'string' &&","                    typeof require('http').createServer === 'function' &&","                    'node';","            }","        }());","        // init global","        local.global = local.modeJs === 'browser'","            ? window","            : global;","        // init utility2_rollup","        local = local.global.utility2_rollup || local;","        // init lib","        local.local = local.npmtest_clarinet = local;","        // init exports","        if (local.modeJs === 'browser') {","            local.global.utility2_npmtest_clarinet = local;","        } else {","            module.exports = local;","            module.exports.__dirname = __dirname;","            module.exports.module = module;","        }","    }());","}());",""],"l":{"12":2,"14":2,"19":2,"21":2,"23":2,"24":2,"25":2,"30":1,"37":2,"41":2,"43":2,"45":2,"46":1,"48":1,"49":1,"50":1}},"/home/travis/build/npmtest/node-npmtest-clarinet/example.js":{"path":"/home/travis/build/npmtest/node-npmtest-clarinet/example.js","s":{"1":2,"2":2,"3":2,"4":2,"5":2,"6":2,"7":2,"8":1,"9":2,"10":2,"11":2,"12":2,"13":1,"14":2,"15":2,"16":2,"17":2,"18":2,"19":0,"20":2,"21":1,"22":1,"23":1,"24":1,"25":1,"26":0,"27":0,"28":1,"29":1,"30":2,"31":0,"32":0,"33":0,"34":1,"35":2,"36":2,"37":3,"38":3,"39":3,"40":3,"41":0,"42":3,"43":3,"44":3,"45":1,"46":3,"47":1,"48":1,"49":1,"50":1,"51":1,"52":1,"53":1,"54":1,"55":1,"56":1,"57":0,"58":1,"59":6,"60":6,"61":1,"62":2,"63":0,"64":2,"65":1,"66":1,"67":0,"68":0,"69":0,"70":0,"71":0,"72":0,"73":0,"74":0,"75":0,"76":0,"77":0,"78":0,"79":0,"80":0,"81":0,"82":0,"83":0},"b":{"1":[2,1,1,1],"2":[1,1,1,1],"3":[1,1],"4":[2,2],"5":[1,1],"6":[1,1],"7":[2,0],"8":[2,1,1,1,1,1],"9":[0,2,0],"10":[1,1],"11":[2,1,1],"12":[1,0],"13":[0,2],"14":[2,0,0,0,0,0,0],"15":[0,3],"16":[3,0],"17":[1,1],"18":[0,1],"19":[1,2,0,2],"20":[1,0],"21":[1,1],"22":[0,0],"23":[0,0],"24":[0,0],"25":[0,0],"26":[0,0],"27":[0,0],"28":[0,0]},"f":{"1":2,"2":2,"3":2,"4":2,"5":2,"6":2,"7":3,"8":3,"9":3,"10":1,"11":6,"12":0},"fnMap":{"1":{"name":"(anonymous_1)","line":26,"loc":{"start":{"line":26,"column":1},"end":{"line":26,"column":13}}},"2":{"name":"(anonymous_2)","line":33,"loc":{"start":{"line":33,"column":5},"end":{"line":33,"column":17}}},"3":{"name":"(anonymous_3)","line":37,"loc":{"start":{"line":37,"column":24},"end":{"line":37,"column":36}}},"4":{"name":"(anonymous_4)","line":69,"loc":{"start":{"line":69,"column":31},"end":{"line":69,"column":48}},"skip":true},"5":{"name":"(anonymous_5)","line":78,"loc":{"start":{"line":78,"column":26},"end":{"line":78,"column":45}},"skip":true},"6":{"name":"(anonymous_6)","line":123,"loc":{"start":{"line":123,"column":33},"end":{"line":123,"column":48}},"skip":true},"7":{"name":"(anonymous_7)","line":125,"loc":{"start":{"line":125,"column":27},"end":{"line":125,"column":39}},"skip":true},"8":{"name":"(anonymous_8)","line":133,"loc":{"start":{"line":133,"column":59},"end":{"line":133,"column":74}},"skip":true},"9":{"name":"(anonymous_9)","line":143,"loc":{"start":{"line":143,"column":45},"end":{"line":143,"column":62}},"skip":true},"10":{"name":"(anonymous_10)","line":144,"loc":{"start":{"line":144,"column":73},"end":{"line":144,"column":92}},"skip":true},"11":{"name":"(anonymous_11)","line":272,"loc":{"start":{"line":272,"column":51},"end":{"line":272,"column":77}},"skip":true},"12":{"name":"(anonymous_12)","line":315,"loc":{"start":{"line":315,"column":32},"end":{"line":315,"column":61}},"skip":true}},"statementMap":{"1":{"start":{"line":26,"column":0},"end":{"line":326,"column":5}},"2":{"start":{"line":28,"column":4},"end":{"line":28,"column":14}},"3":{"start":{"line":33,"column":4},"end":{"line":60,"column":9}},"4":{"start":{"line":35,"column":8},"end":{"line":35,"column":19}},"5":{"start":{"line":37,"column":8},"end":{"line":49,"column":13}},"6":{"start":{"line":38,"column":12},"end":{"line":48,"column":13}},"7":{"start":{"line":39,"column":16},"end":{"line":42,"column":30}},"8":{"start":{"line":44,"column":16},"end":{"line":47,"column":27}},"9":{"start":{"line":51,"column":8},"end":{"line":53,"column":21}},"10":{"start":{"line":55,"column":8},"end":{"line":57,"column":45}},"11":{"start":{"line":59,"column":8},"end":{"line":59,"column":35}},"12":{"start":{"line":61,"column":4},"end":{"line":325,"column":5}},"13":{"start":{"line":69,"column":8},"end":{"line":121,"column":10},"skip":true},"14":{"start":{"line":70,"column":12},"end":{"line":88,"column":13},"skip":true},"15":{"start":{"line":76,"column":16},"end":{"line":87,"column":19},"skip":true},"16":{"start":{"line":79,"column":20},"end":{"line":86,"column":21},"skip":true},"17":{"start":{"line":82,"column":24},"end":{"line":82,"column":43},"skip":true},"18":{"start":{"line":83,"column":24},"end":{"line":83,"column":30},"skip":true},"19":{"start":{"line":85,"column":24},"end":{"line":85,"column":49},"skip":true},"20":{"start":{"line":89,"column":12},"end":{"line":107,"column":13},"skip":true},"21":{"start":{"line":92,"column":16},"end":{"line":102,"column":17},"skip":true},"22":{"start":{"line":93,"column":20},"end":{"line":93,"column":86},"skip":true},"23":{"start":{"line":94,"column":20},"end":{"line":95,"column":45},"skip":true},"24":{"start":{"line":96,"column":20},"end":{"line":96,"column":42},"skip":true},"25":{"start":{"line":97,"column":20},"end":{"line":97,"column":48},"skip":true},"26":{"start":{"line":100,"column":20},"end":{"line":100,"column":85},"skip":true},"27":{"start":{"line":101,"column":20},"end":{"line":101,"column":96},"skip":true},"28":{"start":{"line":103,"column":16},"end":{"line":103,"column":22},"skip":true},"29":{"start":{"line":106,"column":16},"end":{"line":106,"column":22},"skip":true},"30":{"start":{"line":108,"column":12},"end":{"line":120,"column":13},"skip":true},"31":{"start":{"line":114,"column":16},"end":{"line":119,"column":17},"skip":true},"32":{"start":{"line":116,"column":20},"end":{"line":116,"column":78},"skip":true},"33":{"start":{"line":118,"column":20},"end":{"line":118,"column":47},"skip":true},"34":{"start":{"line":123,"column":8},"end":{"line":141,"column":11},"skip":true},"35":{"start":{"line":124,"column":12},"end":{"line":124,"column":54},"skip":true},"36":{"start":{"line":125,"column":12},"end":{"line":140,"column":14},"skip":true},"37":{"start":{"line":126,"column":16},"end":{"line":126,"column":28},"skip":true},"38":{"start":{"line":127,"column":16},"end":{"line":127,"column":69},"skip":true},"39":{"start":{"line":128,"column":16},"end":{"line":128,"column":75},"skip":true},"40":{"start":{"line":129,"column":16},"end":{"line":131,"column":17},"skip":true},"41":{"start":{"line":130,"column":20},"end":{"line":130,"column":27},"skip":true},"42":{"start":{"line":133,"column":16},"end":{"line":137,"column":36},"skip":true},"43":{"start":{"line":134,"column":20},"end":{"line":136,"column":55},"skip":true},"44":{"start":{"line":139,"column":16},"end":{"line":139,"column":57},"skip":true},"45":{"start":{"line":143,"column":8},"end":{"line":147,"column":11},"skip":true},"46":{"start":{"line":144,"column":12},"end":{"line":146,"column":15},"skip":true},"47":{"start":{"line":145,"column":16},"end":{"line":145,"column":70},"skip":true},"48":{"start":{"line":149,"column":8},"end":{"line":149,"column":31},"skip":true},"49":{"start":{"line":150,"column":8},"end":{"line":150,"column":14},"skip":true},"50":{"start":{"line":158,"column":8},"end":{"line":158,"column":31},"skip":true},"51":{"start":{"line":160,"column":8},"end":{"line":160,"column":33},"skip":true},"52":{"start":{"line":161,"column":8},"end":{"line":161,"column":37},"skip":true},"53":{"start":{"line":162,"column":8},"end":{"line":162,"column":35},"skip":true},"54":{"start":{"line":164,"column":8},"end":{"line":164,"column":50},"skip":true},"55":{"start":{"line":166,"column":8},"end":{"line":256,"column":2},"skip":true},"56":{"start":{"line":258,"column":8},"end":{"line":286,"column":9},"skip":true},"57":{"start":{"line":259,"column":12},"end":{"line":269,"column":14},"skip":true},"58":{"start":{"line":271,"column":12},"end":{"line":285,"column":19},"skip":true},"59":{"start":{"line":274,"column":20},"end":{"line":274,"column":35},"skip":true},"60":{"start":{"line":275,"column":20},"end":{"line":284,"column":21},"skip":true},"61":{"start":{"line":277,"column":24},"end":{"line":277,"column":64},"skip":true},"62":{"start":{"line":279,"column":24},"end":{"line":279,"column":40},"skip":true},"63":{"start":{"line":281,"column":24},"end":{"line":281,"column":40},"skip":true},"64":{"start":{"line":283,"column":24},"end":{"line":283,"column":39},"skip":true},"65":{"start":{"line":288,"column":8},"end":{"line":290,"column":9},"skip":true},"66":{"start":{"line":289,"column":12},"end":{"line":289,"column":18},"skip":true},"67":{"start":{"line":291,"column":8},"end":{"line":293,"column":54},"skip":true},"68":{"start":{"line":296,"column":8},"end":{"line":301,"column":37},"skip":true},"69":{"start":{"line":303,"column":8},"end":{"line":303,"column":82},"skip":true},"70":{"start":{"line":306,"column":8},"end":{"line":308,"column":9},"skip":true},"71":{"start":{"line":307,"column":12},"end":{"line":307,"column":82},"skip":true},"72":{"start":{"line":310,"column":8},"end":{"line":312,"column":9},"skip":true},"73":{"start":{"line":311,"column":12},"end":{"line":311,"column":18},"skip":true},"74":{"start":{"line":313,"column":8},"end":{"line":313,"column":54},"skip":true},"75":{"start":{"line":314,"column":8},"end":{"line":314,"column":69},"skip":true},"76":{"start":{"line":315,"column":8},"end":{"line":323,"column":36},"skip":true},"77":{"start":{"line":316,"column":12},"end":{"line":316,"column":61},"skip":true},"78":{"start":{"line":317,"column":12},"end":{"line":320,"column":13},"skip":true},"79":{"start":{"line":318,"column":16},"end":{"line":318,"column":75},"skip":true},"80":{"start":{"line":319,"column":16},"end":{"line":319,"column":23},"skip":true},"81":{"start":{"line":321,"column":12},"end":{"line":321,"column":38},"skip":true},"82":{"start":{"line":322,"column":12},"end":{"line":322,"column":27},"skip":true},"83":{"start":{"line":324,"column":8},"end":{"line":324,"column":14},"skip":true}},"branchMap":{"1":{"line":39,"type":"binary-expr","locations":[{"start":{"line":39,"column":23},"end":{"line":39,"column":62}},{"start":{"line":40,"column":20},"end":{"line":40,"column":70}},{"start":{"line":41,"column":20},"end":{"line":41,"column":71}},{"start":{"line":42,"column":20},"end":{"line":42,"column":29}}]},"2":{"line":44,"type":"binary-expr","locations":[{"start":{"line":44,"column":23},"end":{"line":44,"column":37}},{"start":{"line":45,"column":20},"end":{"line":45,"column":61}},{"start":{"line":46,"column":20},"end":{"line":46,"column":70}},{"start":{"line":47,"column":20},"end":{"line":47,"column":26}}]},"3":{"line":51,"type":"cond-expr","locations":[{"start":{"line":52,"column":14},"end":{"line":52,"column":20}},{"start":{"line":53,"column":14},"end":{"line":53,"column":20}}]},"4":{"line":55,"type":"binary-expr","locations":[{"start":{"line":55,"column":16},"end":{"line":55,"column":44}},{"start":{"line":55,"column":49},"end":{"line":57,"column":43}}]},"5":{"line":55,"type":"cond-expr","locations":[{"start":{"line":56,"column":14},"end":{"line":56,"column":52}},{"start":{"line":57,"column":14},"end":{"line":57,"column":43}}]},"6":{"line":61,"type":"switch","locations":[{"start":{"line":68,"column":4},"end":{"line":150,"column":14},"skip":true},{"start":{"line":156,"column":4},"end":{"line":324,"column":14},"skip":true}]},"7":{"line":70,"type":"if","locations":[{"start":{"line":70,"column":12},"end":{"line":70,"column":12},"skip":true},{"start":{"line":70,"column":12},"end":{"line":70,"column":12},"skip":true}]},"8":{"line":70,"type":"binary-expr","locations":[{"start":{"line":70,"column":16},"end":{"line":70,"column":22},"skip":true},{"start":{"line":70,"column":27},"end":{"line":70,"column":32},"skip":true},{"start":{"line":71,"column":20},"end":{"line":71,"column":39},"skip":true},{"start":{"line":72,"column":20},"end":{"line":72,"column":49},"skip":true},{"start":{"line":73,"column":20},"end":{"line":73,"column":58},"skip":true},{"start":{"line":74,"column":20},"end":{"line":74,"column":69},"skip":true}]},"9":{"line":79,"type":"switch","locations":[{"start":{"line":80,"column":20},"end":{"line":80,"column":33},"skip":true},{"start":{"line":81,"column":20},"end":{"line":83,"column":30},"skip":true},{"start":{"line":84,"column":20},"end":{"line":85,"column":49},"skip":true}]},"10":{"line":89,"type":"switch","locations":[{"start":{"line":90,"column":12},"end":{"line":103,"column":22},"skip":true},{"start":{"line":105,"column":12},"end":{"line":106,"column":22},"skip":true}]},"11":{"line":89,"type":"binary-expr","locations":[{"start":{"line":89,"column":20},"end":{"line":89,"column":25},"skip":true},{"start":{"line":89,"column":29},"end":{"line":89,"column":48},"skip":true},{"start":{"line":89,"column":52},"end":{"line":89,"column":74},"skip":true}]},"12":{"line":92,"type":"if","locations":[{"start":{"line":92,"column":16},"end":{"line":92,"column":16},"skip":true},{"start":{"line":92,"column":16},"end":{"line":92,"column":16},"skip":true}]},"13":{"line":108,"type":"if","locations":[{"start":{"line":108,"column":12},"end":{"line":108,"column":12},"skip":true},{"start":{"line":108,"column":12},"end":{"line":108,"column":12},"skip":true}]},"14":{"line":108,"type":"binary-expr","locations":[{"start":{"line":108,"column":16},"end":{"line":108,"column":61},"skip":true},{"start":{"line":108,"column":66},"end":{"line":108,"column":72},"skip":true},{"start":{"line":108,"column":77},"end":{"line":108,"column":82},"skip":true},{"start":{"line":109,"column":20},"end":{"line":109,"column":39},"skip":true},{"start":{"line":110,"column":20},"end":{"line":110,"column":49},"skip":true},{"start":{"line":111,"column":20},"end":{"line":111,"column":58},"skip":true},{"start":{"line":112,"column":20},"end":{"line":112,"column":68},"skip":true}]},"15":{"line":129,"type":"if","locations":[{"start":{"line":129,"column":16},"end":{"line":129,"column":16},"skip":true},{"start":{"line":129,"column":16},"end":{"line":129,"column":16},"skip":true}]},"16":{"line":134,"type":"cond-expr","locations":[{"start":{"line":135,"column":26},"end":{"line":135,"column":29},"skip":true},{"start":{"line":136,"column":26},"end":{"line":136,"column":54},"skip":true}]},"17":{"line":164,"type":"binary-expr","locations":[{"start":{"line":164,"column":27},"end":{"line":164,"column":43},"skip":true},{"start":{"line":164,"column":47},"end":{"line":164,"column":49},"skip":true}]},"18":{"line":258,"type":"if","locations":[{"start":{"line":258,"column":8},"end":{"line":258,"column":8},"skip":true},{"start":{"line":258,"column":8},"end":{"line":258,"column":8},"skip":true}]},"19":{"line":275,"type":"switch","locations":[{"start":{"line":276,"column":20},"end":{"line":277,"column":64},"skip":true},{"start":{"line":278,"column":20},"end":{"line":279,"column":40},"skip":true},{"start":{"line":280,"column":20},"end":{"line":281,"column":40},"skip":true},{"start":{"line":282,"column":20},"end":{"line":283,"column":39},"skip":true}]},"20":{"line":288,"type":"if","locations":[{"start":{"line":288,"column":8},"end":{"line":288,"column":8},"skip":true},{"start":{"line":288,"column":8},"end":{"line":288,"column":8},"skip":true}]},"21":{"line":288,"type":"binary-expr","locations":[{"start":{"line":288,"column":12},"end":{"line":288,"column":40},"skip":true},{"start":{"line":288,"column":44},"end":{"line":288,"column":67},"skip":true}]},"22":{"line":292,"type":"binary-expr","locations":[{"start":{"line":292,"column":12},"end":{"line":292,"column":50},"skip":true},{"start":{"line":293,"column":12},"end":{"line":293,"column":53},"skip":true}]},"23":{"line":297,"type":"binary-expr","locations":[{"start":{"line":297,"column":12},"end":{"line":297,"column":66},"skip":true},{"start":{"line":298,"column":12},"end":{"line":301,"column":36},"skip":true}]},"24":{"line":303,"type":"binary-expr","locations":[{"start":{"line":303,"column":43},"end":{"line":303,"column":75},"skip":true},{"start":{"line":303,"column":79},"end":{"line":303,"column":81},"skip":true}]},"25":{"line":306,"type":"if","locations":[{"start":{"line":306,"column":8},"end":{"line":306,"column":8},"skip":true},{"start":{"line":306,"column":8},"end":{"line":306,"column":8},"skip":true}]},"26":{"line":310,"type":"if","locations":[{"start":{"line":310,"column":8},"end":{"line":310,"column":8},"skip":true},{"start":{"line":310,"column":8},"end":{"line":310,"column":8},"skip":true}]},"27":{"line":313,"type":"binary-expr","locations":[{"start":{"line":313,"column":27},"end":{"line":313,"column":43},"skip":true},{"start":{"line":313,"column":47},"end":{"line":313,"column":53},"skip":true}]},"28":{"line":317,"type":"if","locations":[{"start":{"line":317,"column":12},"end":{"line":317,"column":12},"skip":true},{"start":{"line":317,"column":12},"end":{"line":317,"column":12},"skip":true}]}},"code":["/*","example.js","","quickstart example","","instruction","    1. save this script as example.js","    2. run the shell command:","        $ npm install npmtest-clarinet && PORT=8081 node example.js","    3. play with the browser-demo on http://127.0.0.1:8081","*/","","","","/* istanbul instrument in package npmtest_clarinet */","/*jslint","    bitwise: true,","    browser: true,","    maxerr: 8,","    maxlen: 96,","    node: true,","    nomen: true,","    regexp: true,","    stupid: true","*/","(function () {","    'use strict';","    var local;","","","","    // run shared js-env code - pre-init","    (function () {","        // init local","        local = {};","        // init modeJs","        local.modeJs = (function () {","            try {","                return typeof navigator.userAgent === 'string' &&","                    typeof document.querySelector('body') === 'object' &&","                    typeof XMLHttpRequest.prototype.open === 'function' &&","                    'browser';","            } catch (errorCaughtBrowser) {","                return module.exports &&","                    typeof process.versions.node === 'string' &&","                    typeof require('http').createServer === 'function' &&","                    'node';","            }","        }());","        // init global","        local.global = local.modeJs === 'browser'","            ? window","            : global;","        // init utility2_rollup","        local = local.global.utility2_rollup || (local.modeJs === 'browser'","            ? local.global.utility2_npmtest_clarinet","            : global.utility2_moduleExports);","        // export local","        local.global.local = local;","    }());","    switch (local.modeJs) {","","","","    // post-init","    // run browser js-env code - post-init","    /* istanbul ignore next */","    case 'browser':","        local.testRunBrowser = function (event) {","            if (!event || (event &&","                    event.currentTarget &&","                    event.currentTarget.className &&","                    event.currentTarget.className.includes &&","                    event.currentTarget.className.includes('onreset'))) {","                // reset output","                Array.from(","                    document.querySelectorAll('body > .resettable')","                ).forEach(function (element) {","                    switch (element.tagName) {","                    case 'INPUT':","                    case 'TEXTAREA':","                        element.value = '';","                        break;","                    default:","                        element.textContent = '';","                    }","                });","            }","            switch (event && event.currentTarget && event.currentTarget.id) {","            case 'testRunButton1':","                // show tests","                if (document.querySelector('#testReportDiv1').style.display === 'none') {","                    document.querySelector('#testReportDiv1').style.display = 'block';","                    document.querySelector('#testRunButton1').textContent =","                        'hide internal test';","                    local.modeTest = true;","                    local.testRunDefault(local);","                // hide tests","                } else {","                    document.querySelector('#testReportDiv1').style.display = 'none';","                    document.querySelector('#testRunButton1').textContent = 'run internal test';","                }","                break;","            // custom-case","            default:","                break;","            }","            if (document.querySelector('#inputTextareaEval1') && (!event || (event &&","                    event.currentTarget &&","                    event.currentTarget.className &&","                    event.currentTarget.className.includes &&","                    event.currentTarget.className.includes('oneval')))) {","                // try to eval input-code","                try {","                    /*jslint evil: true*/","                    eval(document.querySelector('#inputTextareaEval1').value);","                } catch (errorCaught) {","                    console.error(errorCaught);","                }","            }","        };","        // log stderr and stdout to #outputTextareaStdout1","        ['error', 'log'].forEach(function (key) {","            console[key + '_original'] = console[key];","            console[key] = function () {","                var element;","                console[key + '_original'].apply(console, arguments);","                element = document.querySelector('#outputTextareaStdout1');","                if (!element) {","                    return;","                }","                // append text to #outputTextareaStdout1","                element.value += Array.from(arguments).map(function (arg) {","                    return typeof arg === 'string'","                        ? arg","                        : JSON.stringify(arg, null, 4);","                }).join(' ') + '\\n';","                // scroll textarea to bottom","                element.scrollTop = element.scrollHeight;","            };","        });","        // init event-handling","        ['change', 'click', 'keyup'].forEach(function (event) {","            Array.from(document.querySelectorAll('.on' + event)).forEach(function (element) {","                element.addEventListener(event, local.testRunBrowser);","            });","        });","        // run tests","        local.testRunBrowser();","        break;","","","","    // run node js-env code - post-init","    /* istanbul ignore next */","    case 'node':","        // export local","        module.exports = local;","        // require modules","        local.fs = require('fs');","        local.http = require('http');","        local.url = require('url');","        // init assets","        local.assetsDict = local.assetsDict || {};","        /* jslint-ignore-begin */","        local.assetsDict['/assets.index.template.html'] = '\\","<!doctype html>\\n\\","<html lang=\"en\">\\n\\","<head>\\n\\","<meta charset=\"UTF-8\">\\n\\","<meta name=\"viewport\" content=\"width=device-width, initial-scale=1\">\\n\\","<title>{{env.npm_package_name}} (v{{env.npm_package_version}})</title>\\n\\","<style>\\n\\","/*csslint\\n\\","    box-sizing: false,\\n\\","    universal-selector: false\\n\\","*/\\n\\","* {\\n\\","    box-sizing: border-box;\\n\\","}\\n\\","body {\\n\\","    background: #dde;\\n\\","    font-family: Arial, Helvetica, sans-serif;\\n\\","    margin: 2rem;\\n\\","}\\n\\","body > * {\\n\\","    margin-bottom: 1rem;\\n\\","}\\n\\",".utility2FooterDiv {\\n\\","    margin-top: 20px;\\n\\","    text-align: center;\\n\\","}\\n\\","</style>\\n\\","<style>\\n\\","/*csslint\\n\\","*/\\n\\","textarea {\\n\\","    font-family: monospace;\\n\\","    height: 10rem;\\n\\","    width: 100%;\\n\\","}\\n\\","textarea[readonly] {\\n\\","    background: #ddd;\\n\\","}\\n\\","</style>\\n\\","</head>\\n\\","<body>\\n\\","<!-- utility2-comment\\n\\","<div id=\"ajaxProgressDiv1\" style=\"background: #d00; height: 2px; left: 0; margin: 0; padding: 0; position: fixed; top: 0; transition: background 0.5s, width 1.5s; width: 25%;\"></div>\\n\\","utility2-comment -->\\n\\","<h1>\\n\\","<!-- utility2-comment\\n\\","    <a\\n\\","        {{#if env.npm_package_homepage}}\\n\\","        href=\"{{env.npm_package_homepage}}\"\\n\\","        {{/if env.npm_package_homepage}}\\n\\","        target=\"_blank\"\\n\\","    >\\n\\","utility2-comment -->\\n\\","        {{env.npm_package_name}} (v{{env.npm_package_version}})\\n\\","<!-- utility2-comment\\n\\","    </a>\\n\\","utility2-comment -->\\n\\","</h1>\\n\\","<h3>{{env.npm_package_description}}</h3>\\n\\","<!-- utility2-comment\\n\\","<h4><a download href=\"assets.app.js\">download standalone app</a></h4>\\n\\","<button class=\"onclick onreset\" id=\"testRunButton1\">run internal test</button><br>\\n\\","<div id=\"testReportDiv1\" style=\"display: none;\"></div>\\n\\","utility2-comment -->\\n\\","\\n\\","\\n\\","\\n\\","<label>stderr and stdout</label>\\n\\","<textarea class=\"resettable\" id=\"outputTextareaStdout1\" readonly></textarea>\\n\\","<!-- utility2-comment\\n\\","{{#if isRollup}}\\n\\","<script src=\"assets.app.js\"></script>\\n\\","{{#unless isRollup}}\\n\\","utility2-comment -->\\n\\","<script src=\"assets.utility2.rollup.js\"></script>\\n\\","<script src=\"jsonp.utility2._stateInit?callback=window.utility2._stateInit\"></script>\\n\\","<script src=\"assets.npmtest_clarinet.rollup.js\"></script>\\n\\","<script src=\"assets.example.js\"></script>\\n\\","<script src=\"assets.test.js\"></script>\\n\\","<!-- utility2-comment\\n\\","{{/if isRollup}}\\n\\","utility2-comment -->\\n\\","<div class=\"utility2FooterDiv\">\\n\\","    [ this app was created with\\n\\","    <a href=\"https://github.com/kaizhu256/node-utility2\" target=\"_blank\">utility2</a>\\n\\","    ]\\n\\","</div>\\n\\","</body>\\n\\","</html>\\n\\","';","        /* jslint-ignore-end */","        if (local.templateRender) {","            local.assetsDict['/'] = local.templateRender(","                local.assetsDict['/assets.index.template.html'],","                {","                    env: local.objectSetDefault(local.env, {","                        npm_package_description: 'the greatest app in the world!',","                        npm_package_name: 'my-app',","                        npm_package_nameAlias: 'my_app',","                        npm_package_version: '0.0.1'","                    })","                }","            );","        } else {","            local.assetsDict['/'] = local.assetsDict['/assets.index.template.html']","                .replace((/\\{\\{env\\.(\\w+?)\\}\\}/g), function (match0, match1) {","                    // jslint-hack","                    String(match0);","                    switch (match1) {","                    case 'npm_package_description':","                        return 'the greatest app in the world!';","                    case 'npm_package_name':","                        return 'my-app';","                    case 'npm_package_nameAlias':","                        return 'my_app';","                    case 'npm_package_version':","                        return '0.0.1';","                    }","                });","        }","        // run the cli","        if (local.global.utility2_rollup || module !== require.main) {","            break;","        }","        local.assetsDict['/assets.example.js'] =","            local.assetsDict['/assets.example.js'] ||","            local.fs.readFileSync(__filename, 'utf8');","        // bug-workaround - long $npm_package_buildCustomOrg","        /* jslint-ignore-begin */","        local.assetsDict['/assets.npmtest_clarinet.rollup.js'] =","            local.assetsDict['/assets.npmtest_clarinet.rollup.js'] ||","            local.fs.readFileSync(","                local.npmtest_clarinet.__dirname + '/lib.npmtest_clarinet.js',","                'utf8'","            ).replace((/^#!/), '//');","        /* jslint-ignore-end */","        local.assetsDict['/favicon.ico'] = local.assetsDict['/favicon.ico'] || '';","        // if $npm_config_timeout_exit exists,","        // then exit this process after $npm_config_timeout_exit ms","        if (Number(process.env.npm_config_timeout_exit)) {","            setTimeout(process.exit, Number(process.env.npm_config_timeout_exit));","        }","        // start server","        if (local.global.utility2_serverHttp1) {","            break;","        }","        process.env.PORT = process.env.PORT || '8081';","        console.error('server starting on port ' + process.env.PORT);","        local.http.createServer(function (request, response) {","            request.urlParsed = local.url.parse(request.url);","            if (local.assetsDict[request.urlParsed.pathname] !== undefined) {","                response.end(local.assetsDict[request.urlParsed.pathname]);","                return;","            }","            response.statusCode = 404;","            response.end();","        }).listen(process.env.PORT);","        break;","    }","}());",""],"l":{"26":2,"28":2,"33":2,"35":2,"37":2,"38":2,"39":2,"44":1,"51":2,"55":2,"59":2,"61":2,"69":1,"70":2,"76":2,"79":2,"82":2,"83":2,"85":1,"89":2,"92":1,"93":1,"94":1,"96":1,"97":1,"100":1,"101":1,"103":1,"106":1,"108":2,"114":1,"116":1,"118":1,"123":1,"124":2,"125":2,"126":3,"127":3,"128":3,"129":3,"130":1,"133":3,"134":3,"139":3,"143":1,"144":3,"145":1,"149":1,"150":1,"158":1,"160":1,"161":1,"162":1,"164":1,"166":1,"258":1,"259":1,"271":1,"274":6,"275":6,"277":1,"279":2,"281":1,"283":2,"288":1,"289":1,"291":1,"296":1,"303":1,"306":1,"307":1,"310":1,"311":1,"313":1,"314":1,"315":1,"316":1,"317":1,"318":1,"319":1,"321":1,"322":1,"324":1}},"/home/travis/build/npmtest/node-npmtest-clarinet/node_modules/clarinet/clarinet.js":{"path":"/home/travis/build/npmtest/node-npmtest-clarinet/node_modules/clarinet/clarinet.js","s":{"1":1,"2":1,"3":1,"4":1,"5":0,"6":1,"7":0,"8":1,"9":1,"10":1,"11":1,"12":1,"13":1,"14":1,"15":1,"16":10,"17":1,"18":1,"19":24,"20":1,"21":1,"22":0,"23":1,"24":0,"25":0,"26":0,"27":1,"28":0,"29":0,"30":1,"31":0,"32":0,"33":0,"34":0,"35":0,"36":0,"37":1,"38":83,"39":83,"40":166,"41":166,"42":0,"43":0,"44":0,"45":0,"46":166,"47":83,"48":1,"49":2,"50":4,"51":1,"52":1,"53":2,"54":0,"55":2,"56":2,"57":2,"58":2,"59":2,"60":2,"61":2,"62":2,"63":2,"64":2,"65":2,"66":2,"67":2,"68":2,"69":2,"70":2,"71":1,"72":0,"73":0,"74":0,"75":0,"76":1,"77":1,"78":0,"79":1,"80":2,"81":1,"82":2,"83":0,"84":2,"85":2,"86":2,"87":2,"88":2,"89":2,"90":2,"91":2,"92":2,"93":2,"94":0,"95":2,"96":304,"97":304,"98":2,"99":16,"100":0,"101":0,"102":0,"103":0,"104":0,"105":0,"106":1,"107":1,"108":85,"109":85,"110":559,"111":559,"112":0,"113":0,"114":0,"115":0,"116":0,"117":0,"118":0,"119":0,"120":559,"121":313,"122":101,"123":313,"124":212,"125":313,"126":0,"127":313,"128":0,"129":0,"130":0,"131":0,"132":313,"133":313,"134":313,"135":313,"136":313,"137":246,"138":5506909,"139":161,"140":246,"141":246,"142":246,"143":246,"144":246,"145":1,"146":0,"147":0,"148":0,"149":0,"150":1,"151":16,"152":16,"153":7,"154":195265,"155":195265,"156":195265,"157":16,"158":1,"159":0,"160":0,"161":1,"162":236435,"163":0,"164":236435,"165":195569,"166":1,"167":36817,"168":36817,"169":1,"170":232311,"171":232311,"172":194857,"173":232311,"174":1,"175":103,"176":103,"177":103,"178":1,"179":232311,"180":0,"181":232311,"182":0,"183":232311,"184":1,"185":304,"186":304,"187":304,"188":304,"189":304,"190":304,"191":1,"192":0,"193":0,"194":0,"195":0,"196":0,"197":0,"198":0,"199":0,"200":1,"201":559,"202":559,"203":0,"204":559,"205":0,"206":559,"207":0,"208":559,"209":559,"210":0,"211":559,"212":1815979,"213":1815979,"214":1815979,"215":1085976,"216":730003,"217":1815979,"218":556,"219":1815423,"220":0,"221":1815423,"222":1815423,"223":156759,"224":156759,"225":1658664,"226":1815423,"227":84,"228":2,"229":82,"230":0,"231":82,"232":82,"233":84,"234":889314,"235":777261,"236":112053,"237":79163,"238":32890,"239":27,"240":27,"241":27,"242":27,"243":27,"244":27,"245":32863,"246":112026,"247":112026,"248":0,"249":112026,"250":413721,"251":189673,"252":224048,"253":224048,"254":112026,"255":32863,"256":32863,"257":32863,"258":79163,"259":112026,"260":112022,"261":32859,"262":32859,"263":32859,"264":79163,"265":79163,"266":79163,"267":79163,"268":79163,"269":0,"270":224048,"271":288048,"272":167704,"273":120344,"274":3993,"275":3993,"276":3993,"277":3993,"278":35,"279":35,"280":35,"281":35,"282":3958,"283":120309,"284":82904,"285":37405,"286":32888,"287":4517,"288":3993,"289":524,"290":122,"291":402,"292":0,"293":402,"294":77,"295":325,"296":0,"297":325,"298":93,"299":93,"300":232,"301":10,"302":10,"303":222,"304":120309,"305":27749,"306":4001,"307":4001,"308":4001,"309":23748,"310":3958,"311":3958,"312":3958,"313":19790,"314":19790,"315":0,"316":7959,"317":195422,"318":195422,"319":195422,"320":422541,"321":0,"322":422541,"323":0,"324":0,"325":0,"326":0,"327":0,"328":0,"329":0,"330":0,"331":0,"332":0,"333":422541,"334":194928,"335":194928,"336":194928,"337":194928,"338":71,"339":194928,"340":227613,"341":18937,"342":18937,"343":18937,"344":18937,"345":18937,"346":18937,"347":0,"348":227613,"349":18937,"350":18937,"351":14647,"352":4290,"353":205,"354":4085,"355":963,"356":3122,"357":0,"358":3122,"359":2,"360":3120,"361":0,"362":0,"363":3120,"364":18937,"365":18937,"366":18937,"367":18937,"368":3,"369":18934,"370":208676,"371":208676,"372":208676,"373":491,"374":491,"375":491,"376":491,"377":208185,"378":208185,"379":208185,"380":0,"381":0,"382":0,"383":195422,"384":195422,"385":195422,"386":122,"387":0,"388":122,"389":122,"390":0,"391":122,"392":122,"393":0,"394":122,"395":122,"396":0,"397":122,"398":122,"399":0,"400":122,"401":122,"402":122,"403":0,"404":122,"405":0,"406":0,"407":0,"408":0,"409":0,"410":0,"411":0,"412":0,"413":0,"414":0,"415":0,"416":0,"417":0,"418":0,"419":0,"420":0,"421":0,"422":0,"423":0,"424":0,"425":0,"426":0,"427":0,"428":0,"429":0,"430":77,"431":0,"432":77,"433":77,"434":0,"435":77,"436":77,"437":0,"438":77,"439":77,"440":0,"441":77,"442":77,"443":0,"444":77,"445":77,"446":77,"447":0,"448":77,"449":0,"450":0,"451":0,"452":0,"453":0,"454":488,"455":384,"456":104,"457":0,"458":0,"459":0,"460":104,"461":1,"462":0,"463":1,"464":103,"465":0,"466":0,"467":0,"468":103,"469":103,"470":103,"471":488,"472":0,"473":559,"474":83,"475":559},"b":{"1":[1,0],"2":[1,1],"3":[1,1],"4":[10,9],"5":[0,1],"6":[0,1],"7":[0,1],"8":[0,0],"9":[0,166],"10":[0,0],"11":[0,2],"12":[2,2],"13":[0,2],"14":[0,0],"15":[0,559],"16":[313,246],"17":[559,559],"18":[101,212],"19":[313,313],"20":[212,101],"21":[313,212],"22":[0,313],"23":[313,0],"24":[0,313],"25":[161,5506748],"26":[0,0],"27":[0,0],"28":[7,9],"29":[16,13],"30":[195265,0],"31":[0,236435],"32":[195569,40866],"33":[194857,37454],"34":[115863,78994],"35":[103,0],"36":[0,232311],"37":[0,232311],"38":[0,0],"39":[0,0],"40":[0,559],"41":[0,559],"42":[0,559],"43":[0,559],"44":[1085976,730003],"45":[556,1815423],"46":[0,1815423],"47":[156759,1658664],"48":[84,601034,889314,79163,413721,31699,288048,27749,195422,122,122,122,0,0,0,0,77,77,77,0,488,0],"49":[2,82],"50":[0,82],"51":[82,0],"52":[82,82,82,82],"53":[777261,112053],"54":[889314,889314,777323,112053],"55":[79163,32890],"56":[27,32863],"57":[27,0],"58":[112026,0],"59":[189673,224048],"60":[413721,413721,380870,224048],"61":[79163,144885],"62":[112026,112022],"63":[32863,79163],"64":[32859,79163],"65":[32859,8],"66":[79163,0],"67":[79163,0],"68":[167704,120344],"69":[288048,288048,280089,120344],"70":[3993,116351],"71":[35,3958],"72":[35,0],"73":[82904,37405],"74":[32888,4517],"75":[3993,524],"76":[122,402],"77":[0,402],"78":[77,325],"79":[0,325],"80":[93,232],"81":[10,222],"82":[4001,23748],"83":[3958,19790],"84":[3958,0],"85":[19790,0],"86":[19790,19790,15832,0],"87":[0,422541],"88":[0,0],"89":[0,0],"90":[194928,227613],"91":[422541,194928],"92":[194928,0],"93":[71,194857],"94":[18937,208676],"95":[227613,18937],"96":[0,18937],"97":[18937,208676],"98":[14647,4290],"99":[205,4085],"100":[963,3122],"101":[0,3122],"102":[2,3120],"103":[0,3120],"104":[3,18934],"105":[491,208185],"106":[0,208185],"107":[0,122],"108":[122,0],"109":[0,122],"110":[122,0],"111":[0,122],"112":[122,0],"113":[122,0],"114":[0,0],"115":[0,0],"116":[0,0],"117":[0,0],"118":[0,0],"119":[0,0],"120":[0,0],"121":[0,0],"122":[0,0],"123":[0,77],"124":[77,0],"125":[0,77],"126":[77,0],"127":[0,77],"128":[77,0],"129":[77,0],"130":[0,0],"131":[384,104],"132":[0,104],"133":[0,0],"134":[1,103],"135":[104,103],"136":[0,1],"137":[1,1],"138":[0,103],"139":[103,103],"140":[0,0],"141":[0,0],"142":[103,94],"143":[83,476],"144":[0,1]},"f":{"1":1,"2":0,"3":10,"4":0,"5":0,"6":0,"7":0,"8":83,"9":2,"10":2,"11":0,"12":0,"13":0,"14":0,"15":2,"16":2,"17":0,"18":304,"19":16,"20":0,"21":0,"22":85,"23":0,"24":16,"25":195265,"26":0,"27":236435,"28":36817,"29":232311,"30":103,"31":232311,"32":304,"33":0,"34":559},"fnMap":{"1":{"name":"(anonymous_1)","line":1,"loc":{"start":{"line":1,"column":2},"end":{"line":1,"column":22}}},"2":{"name":"(anonymous_2)","line":10,"loc":{"start":{"line":10,"column":31},"end":{"line":10,"column":46}}},"3":{"name":"(anonymous_3)","line":31,"loc":{"start":{"line":31,"column":43},"end":{"line":31,"column":57}}},"4":{"name":"(anonymous_4)","line":71,"loc":{"start":{"line":71,"column":20},"end":{"line":71,"column":33}}},"5":{"name":"f","line":72,"loc":{"start":{"line":72,"column":6},"end":{"line":72,"column":20}}},"6":{"name":"(anonymous_6)","line":79,"loc":{"start":{"line":79,"column":28},"end":{"line":79,"column":41}}},"7":{"name":"(anonymous_7)","line":85,"loc":{"start":{"line":85,"column":18},"end":{"line":85,"column":31}}},"8":{"name":"checkBufferLength","line":92,"loc":{"start":{"line":92,"column":2},"end":{"line":92,"column":38}}},"9":{"name":"clearBuffers","line":114,"loc":{"start":{"line":114,"column":2},"end":{"line":114,"column":33}}},"10":{"name":"CParser","line":122,"loc":{"start":{"line":122,"column":2},"end":{"line":122,"column":25}}},"11":{"name":"(anonymous_11)","line":145,"loc":{"start":{"line":145,"column":15},"end":{"line":145,"column":27}}},"12":{"name":"(anonymous_12)","line":147,"loc":{"start":{"line":147,"column":15},"end":{"line":147,"column":27}}},"13":{"name":"(anonymous_13)","line":148,"loc":{"start":{"line":148,"column":15},"end":{"line":148,"column":27}}},"14":{"name":"(anonymous_14)","line":152,"loc":{"start":{"line":152,"column":24},"end":{"line":152,"column":36}}},"15":{"name":"createStream","line":154,"loc":{"start":{"line":154,"column":2},"end":{"line":154,"column":30}}},"16":{"name":"CStream","line":156,"loc":{"start":{"line":156,"column":2},"end":{"line":156,"column":25}}},"17":{"name":"(anonymous_17)","line":172,"loc":{"start":{"line":172,"column":25},"end":{"line":172,"column":37}}},"18":{"name":"(anonymous_18)","line":173,"loc":{"start":{"line":173,"column":27},"end":{"line":173,"column":41}}},"19":{"name":"(anonymous_19)","line":178,"loc":{"start":{"line":178,"column":24},"end":{"line":178,"column":38}}},"20":{"name":"(anonymous_20)","line":180,"loc":{"start":{"line":180,"column":25},"end":{"line":180,"column":37}}},"21":{"name":"(anonymous_21)","line":181,"loc":{"start":{"line":181,"column":25},"end":{"line":181,"column":38}}},"22":{"name":"(anonymous_22)","line":198,"loc":{"start":{"line":198,"column":28},"end":{"line":198,"column":44}}},"23":{"name":"(anonymous_23)","line":259,"loc":{"start":{"line":259,"column":26},"end":{"line":259,"column":43}}},"24":{"name":"(anonymous_24)","line":265,"loc":{"start":{"line":265,"column":25},"end":{"line":265,"column":48}}},"25":{"name":"(anonymous_25)","line":268,"loc":{"start":{"line":268,"column":28},"end":{"line":268,"column":40}}},"26":{"name":"(anonymous_26)","line":278,"loc":{"start":{"line":278,"column":30},"end":{"line":278,"column":42}}},"27":{"name":"emit","line":283,"loc":{"start":{"line":283,"column":2},"end":{"line":283,"column":37}}},"28":{"name":"emitNode","line":288,"loc":{"start":{"line":288,"column":2},"end":{"line":288,"column":41}}},"29":{"name":"closeValue","line":293,"loc":{"start":{"line":293,"column":2},"end":{"line":293,"column":37}}},"30":{"name":"closeNumber","line":301,"loc":{"start":{"line":301,"column":2},"end":{"line":301,"column":31}}},"31":{"name":"textopts","line":307,"loc":{"start":{"line":307,"column":2},"end":{"line":307,"column":32}}},"32":{"name":"error","line":313,"loc":{"start":{"line":313,"column":2},"end":{"line":313,"column":30}}},"33":{"name":"end","line":324,"loc":{"start":{"line":324,"column":2},"end":{"line":324,"column":23}}},"34":{"name":"write","line":336,"loc":{"start":{"line":336,"column":2},"end":{"line":336,"column":25}}}},"statementMap":{"1":{"start":{"line":1,"column":1},"end":{"line":647,"column":61}},"2":{"start":{"line":3,"column":2},"end":{"line":5,"column":5}},"3":{"start":{"line":7,"column":0},"end":{"line":8,"column":18}},"4":{"start":{"line":7,"column":47},"end":{"line":7,"column":65}},"5":{"start":{"line":8,"column":5},"end":{"line":8,"column":18}},"6":{"start":{"line":10,"column":2},"end":{"line":10,"column":74}},"7":{"start":{"line":10,"column":48},"end":{"line":10,"column":72}},"8":{"start":{"line":11,"column":2},"end":{"line":11,"column":39}},"9":{"start":{"line":12,"column":2},"end":{"line":12,"column":39}},"10":{"start":{"line":13,"column":2},"end":{"line":13,"column":44}},"11":{"start":{"line":14,"column":2},"end":{"line":14,"column":41}},"12":{"start":{"line":15,"column":2},"end":{"line":15,"column":54}},"13":{"start":{"line":16,"column":2},"end":{"line":16,"column":77}},"14":{"start":{"line":17,"column":2},"end":{"line":28,"column":6}},"15":{"start":{"line":30,"column":2},"end":{"line":36,"column":5}},"16":{"start":{"line":32,"column":10},"end":{"line":32,"column":48}},"17":{"start":{"line":38,"column":2},"end":{"line":63,"column":6}},"18":{"start":{"line":65,"column":2},"end":{"line":65,"column":73}},"19":{"start":{"line":65,"column":33},"end":{"line":65,"column":73}},"20":{"start":{"line":68,"column":2},"end":{"line":68,"column":21}},"21":{"start":{"line":70,"column":2},"end":{"line":76,"column":3}},"22":{"start":{"line":71,"column":4},"end":{"line":75,"column":6}},"23":{"start":{"line":72,"column":6},"end":{"line":72,"column":46}},"24":{"start":{"line":72,"column":22},"end":{"line":72,"column":44}},"25":{"start":{"line":73,"column":6},"end":{"line":73,"column":22}},"26":{"start":{"line":74,"column":6},"end":{"line":74,"column":19}},"27":{"start":{"line":78,"column":2},"end":{"line":82,"column":3}},"28":{"start":{"line":79,"column":4},"end":{"line":81,"column":6}},"29":{"start":{"line":80,"column":6},"end":{"line":80,"column":28}},"30":{"start":{"line":84,"column":2},"end":{"line":90,"column":3}},"31":{"start":{"line":85,"column":4},"end":{"line":89,"column":6}},"32":{"start":{"line":86,"column":6},"end":{"line":86,"column":17}},"33":{"start":{"line":87,"column":6},"end":{"line":87,"column":58}},"34":{"start":{"line":87,"column":23},"end":{"line":87,"column":58}},"35":{"start":{"line":87,"column":48},"end":{"line":87,"column":58}},"36":{"start":{"line":88,"column":6},"end":{"line":88,"column":15}},"37":{"start":{"line":92,"column":2},"end":{"line":112,"column":3}},"38":{"start":{"line":93,"column":4},"end":{"line":95,"column":7}},"39":{"start":{"line":96,"column":4},"end":{"line":109,"column":5}},"40":{"start":{"line":97,"column":6},"end":{"line":97,"column":42}},"41":{"start":{"line":98,"column":6},"end":{"line":107,"column":7}},"42":{"start":{"line":99,"column":8},"end":{"line":106,"column":9}},"43":{"start":{"line":101,"column":12},"end":{"line":101,"column":30}},"44":{"start":{"line":102,"column":10},"end":{"line":102,"column":16}},"45":{"start":{"line":105,"column":12},"end":{"line":105,"column":70}},"46":{"start":{"line":108,"column":6},"end":{"line":108,"column":43}},"47":{"start":{"line":110,"column":4},"end":{"line":111,"column":49}},"48":{"start":{"line":114,"column":2},"end":{"line":118,"column":3}},"49":{"start":{"line":115,"column":4},"end":{"line":117,"column":5}},"50":{"start":{"line":116,"column":6},"end":{"line":116,"column":30}},"51":{"start":{"line":120,"column":2},"end":{"line":120,"column":38}},"52":{"start":{"line":122,"column":2},"end":{"line":142,"column":3}},"53":{"start":{"line":123,"column":4},"end":{"line":123,"column":61}},"54":{"start":{"line":123,"column":36},"end":{"line":123,"column":61}},"55":{"start":{"line":125,"column":4},"end":{"line":125,"column":22}},"56":{"start":{"line":126,"column":4},"end":{"line":126,"column":25}},"57":{"start":{"line":127,"column":4},"end":{"line":127,"column":60}},"58":{"start":{"line":128,"column":4},"end":{"line":128,"column":47}},"59":{"start":{"line":129,"column":4},"end":{"line":129,"column":32}},"60":{"start":{"line":130,"column":4},"end":{"line":130,"column":65}},"61":{"start":{"line":131,"column":4},"end":{"line":131,"column":42}},"62":{"start":{"line":132,"column":4},"end":{"line":132,"column":30}},"63":{"start":{"line":133,"column":4},"end":{"line":133,"column":34}},"64":{"start":{"line":135,"column":4},"end":{"line":135,"column":40}},"65":{"start":{"line":136,"column":4},"end":{"line":136,"column":24}},"66":{"start":{"line":137,"column":4},"end":{"line":137,"column":28}},"67":{"start":{"line":138,"column":4},"end":{"line":138,"column":24}},"68":{"start":{"line":139,"column":4},"end":{"line":139,"column":27}},"69":{"start":{"line":140,"column":4},"end":{"line":140,"column":24}},"70":{"start":{"line":141,"column":4},"end":{"line":141,"column":28}},"71":{"start":{"line":144,"column":2},"end":{"line":149,"column":6}},"72":{"start":{"line":145,"column":29},"end":{"line":145,"column":39}},"73":{"start":{"line":147,"column":29},"end":{"line":147,"column":47}},"74":{"start":{"line":147,"column":48},"end":{"line":147,"column":60}},"75":{"start":{"line":148,"column":29},"end":{"line":148,"column":53}},"76":{"start":{"line":151,"column":2},"end":{"line":152,"column":41}},"77":{"start":{"line":151,"column":15},"end":{"line":151,"column":49}},"78":{"start":{"line":152,"column":15},"end":{"line":152,"column":39}},"79":{"start":{"line":154,"column":2},"end":{"line":154,"column":58}},"80":{"start":{"line":154,"column":32},"end":{"line":154,"column":56}},"81":{"start":{"line":156,"column":2},"end":{"line":193,"column":3}},"82":{"start":{"line":157,"column":4},"end":{"line":157,"column":60}},"83":{"start":{"line":157,"column":36},"end":{"line":157,"column":60}},"84":{"start":{"line":159,"column":4},"end":{"line":159,"column":36}},"85":{"start":{"line":160,"column":4},"end":{"line":160,"column":25}},"86":{"start":{"line":161,"column":4},"end":{"line":161,"column":25}},"87":{"start":{"line":164,"column":4},"end":{"line":164,"column":29}},"88":{"start":{"line":165,"column":4},"end":{"line":165,"column":31}},"89":{"start":{"line":166,"column":4},"end":{"line":166,"column":85}},"90":{"start":{"line":167,"column":4},"end":{"line":167,"column":21}},"91":{"start":{"line":169,"column":4},"end":{"line":169,"column":18}},"92":{"start":{"line":170,"column":4},"end":{"line":170,"column":21}},"93":{"start":{"line":172,"column":4},"end":{"line":172,"column":57}},"94":{"start":{"line":172,"column":39},"end":{"line":172,"column":54}},"95":{"start":{"line":173,"column":4},"end":{"line":176,"column":6}},"96":{"start":{"line":174,"column":6},"end":{"line":174,"column":27}},"97":{"start":{"line":175,"column":6},"end":{"line":175,"column":30}},"98":{"start":{"line":178,"column":4},"end":{"line":192,"column":7}},"99":{"start":{"line":179,"column":6},"end":{"line":191,"column":11}},"100":{"start":{"line":180,"column":39},"end":{"line":180,"column":68}},"101":{"start":{"line":182,"column":12},"end":{"line":186,"column":13}},"102":{"start":{"line":183,"column":14},"end":{"line":183,"column":40}},"103":{"start":{"line":184,"column":14},"end":{"line":184,"column":38}},"104":{"start":{"line":185,"column":14},"end":{"line":185,"column":23}},"105":{"start":{"line":187,"column":12},"end":{"line":187,"column":25}},"106":{"start":{"line":195,"column":2},"end":{"line":196,"column":41}},"107":{"start":{"line":198,"column":2},"end":{"line":257,"column":4}},"108":{"start":{"line":199,"column":4},"end":{"line":199,"column":28}},"109":{"start":{"line":200,"column":4},"end":{"line":256,"column":5}},"110":{"start":{"line":201,"column":6},"end":{"line":201,"column":22}},"111":{"start":{"line":205,"column":6},"end":{"line":219,"column":7}},"112":{"start":{"line":206,"column":8},"end":{"line":208,"column":9}},"113":{"start":{"line":207,"column":10},"end":{"line":207,"column":111}},"114":{"start":{"line":209,"column":8},"end":{"line":209,"column":73}},"115":{"start":{"line":210,"column":8},"end":{"line":210,"column":58}},"116":{"start":{"line":213,"column":8},"end":{"line":213,"column":22}},"117":{"start":{"line":216,"column":8},"end":{"line":216,"column":40}},"118":{"start":{"line":217,"column":8},"end":{"line":217,"column":39}},"119":{"start":{"line":218,"column":8},"end":{"line":218,"column":17}},"120":{"start":{"line":222,"column":6},"end":{"line":243,"column":7}},"121":{"start":{"line":223,"column":8},"end":{"line":223,"column":65}},"122":{"start":{"line":223,"column":38},"end":{"line":223,"column":65}},"123":{"start":{"line":224,"column":8},"end":{"line":224,"column":65}},"124":{"start":{"line":224,"column":38},"end":{"line":224,"column":65}},"125":{"start":{"line":225,"column":8},"end":{"line":225,"column":65}},"126":{"start":{"line":225,"column":38},"end":{"line":225,"column":65}},"127":{"start":{"line":226,"column":8},"end":{"line":242,"column":9}},"128":{"start":{"line":228,"column":10},"end":{"line":230,"column":11}},"129":{"start":{"line":229,"column":12},"end":{"line":229,"column":69}},"130":{"start":{"line":231,"column":10},"end":{"line":231,"column":76}},"131":{"start":{"line":234,"column":10},"end":{"line":234,"column":22}},"132":{"start":{"line":236,"column":10},"end":{"line":236,"column":79}},"133":{"start":{"line":237,"column":10},"end":{"line":237,"column":45}},"134":{"start":{"line":239,"column":10},"end":{"line":239,"column":42}},"135":{"start":{"line":240,"column":10},"end":{"line":240,"column":41}},"136":{"start":{"line":241,"column":10},"end":{"line":241,"column":19}},"137":{"start":{"line":246,"column":6},"end":{"line":248,"column":7}},"138":{"start":{"line":247,"column":8},"end":{"line":247,"column":34}},"139":{"start":{"line":247,"column":28},"end":{"line":247,"column":34}},"140":{"start":{"line":249,"column":6},"end":{"line":249,"column":48}},"141":{"start":{"line":250,"column":6},"end":{"line":250,"column":38}},"142":{"start":{"line":251,"column":6},"end":{"line":251,"column":37}},"143":{"start":{"line":252,"column":6},"end":{"line":252,"column":16}},"144":{"start":{"line":255,"column":6},"end":{"line":255,"column":15}},"145":{"start":{"line":259,"column":2},"end":{"line":263,"column":4}},"146":{"start":{"line":260,"column":4},"end":{"line":260,"column":68}},"147":{"start":{"line":260,"column":31},"end":{"line":260,"column":68}},"148":{"start":{"line":261,"column":4},"end":{"line":261,"column":23}},"149":{"start":{"line":262,"column":4},"end":{"line":262,"column":16}},"150":{"start":{"line":265,"column":2},"end":{"line":276,"column":4}},"151":{"start":{"line":266,"column":4},"end":{"line":266,"column":18}},"152":{"start":{"line":267,"column":4},"end":{"line":274,"column":5}},"153":{"start":{"line":268,"column":6},"end":{"line":273,"column":8}},"154":{"start":{"line":269,"column":8},"end":{"line":270,"column":48}},"155":{"start":{"line":271,"column":8},"end":{"line":271,"column":30}},"156":{"start":{"line":272,"column":8},"end":{"line":272,"column":32}},"157":{"start":{"line":275,"column":4},"end":{"line":275,"column":53}},"158":{"start":{"line":278,"column":2},"end":{"line":281,"column":4}},"159":{"start":{"line":279,"column":4},"end":{"line":279,"column":31}},"160":{"start":{"line":280,"column":4},"end":{"line":280,"column":23}},"161":{"start":{"line":283,"column":2},"end":{"line":286,"column":3}},"162":{"start":{"line":284,"column":4},"end":{"line":284,"column":58}},"163":{"start":{"line":284,"column":22},"end":{"line":284,"column":58}},"164":{"start":{"line":285,"column":4},"end":{"line":285,"column":43}},"165":{"start":{"line":285,"column":23},"end":{"line":285,"column":43}},"166":{"start":{"line":288,"column":2},"end":{"line":291,"column":3}},"167":{"start":{"line":289,"column":4},"end":{"line":289,"column":23}},"168":{"start":{"line":290,"column":4},"end":{"line":290,"column":30}},"169":{"start":{"line":293,"column":2},"end":{"line":299,"column":3}},"170":{"start":{"line":294,"column":4},"end":{"line":294,"column":60}},"171":{"start":{"line":295,"column":4},"end":{"line":297,"column":5}},"172":{"start":{"line":296,"column":6},"end":{"line":296,"column":65}},"173":{"start":{"line":298,"column":4},"end":{"line":298,"column":25}},"174":{"start":{"line":301,"column":2},"end":{"line":305,"column":3}},"175":{"start":{"line":302,"column":4},"end":{"line":303,"column":61}},"176":{"start":{"line":303,"column":6},"end":{"line":303,"column":61}},"177":{"start":{"line":304,"column":4},"end":{"line":304,"column":27}},"178":{"start":{"line":307,"column":2},"end":{"line":311,"column":3}},"179":{"start":{"line":308,"column":4},"end":{"line":308,"column":37}},"180":{"start":{"line":308,"column":18},"end":{"line":308,"column":37}},"181":{"start":{"line":309,"column":4},"end":{"line":309,"column":56}},"182":{"start":{"line":309,"column":23},"end":{"line":309,"column":56}},"183":{"start":{"line":310,"column":4},"end":{"line":310,"column":16}},"184":{"start":{"line":313,"column":2},"end":{"line":322,"column":3}},"185":{"start":{"line":314,"column":4},"end":{"line":314,"column":23}},"186":{"start":{"line":315,"column":4},"end":{"line":317,"column":30}},"187":{"start":{"line":318,"column":4},"end":{"line":318,"column":23}},"188":{"start":{"line":319,"column":4},"end":{"line":319,"column":22}},"189":{"start":{"line":320,"column":4},"end":{"line":320,"column":32}},"190":{"start":{"line":321,"column":4},"end":{"line":321,"column":18}},"191":{"start":{"line":324,"column":2},"end":{"line":334,"column":3}},"192":{"start":{"line":325,"column":4},"end":{"line":326,"column":38}},"193":{"start":{"line":326,"column":6},"end":{"line":326,"column":38}},"194":{"start":{"line":328,"column":4},"end":{"line":328,"column":23}},"195":{"start":{"line":329,"column":4},"end":{"line":329,"column":23}},"196":{"start":{"line":330,"column":4},"end":{"line":330,"column":25}},"197":{"start":{"line":331,"column":4},"end":{"line":331,"column":26}},"198":{"start":{"line":332,"column":4},"end":{"line":332,"column":37}},"199":{"start":{"line":333,"column":4},"end":{"line":333,"column":18}},"200":{"start":{"line":336,"column":2},"end":{"line":645,"column":3}},"201":{"start":{"line":337,"column":4},"end":{"line":337,"column":22}},"202":{"start":{"line":338,"column":4},"end":{"line":338,"column":37}},"203":{"start":{"line":338,"column":20},"end":{"line":338,"column":37}},"204":{"start":{"line":339,"column":4},"end":{"line":340,"column":62}},"205":{"start":{"line":339,"column":23},"end":{"line":340,"column":62}},"206":{"start":{"line":341,"column":4},"end":{"line":341,"column":43}},"207":{"start":{"line":341,"column":24},"end":{"line":341,"column":43}},"208":{"start":{"line":342,"column":4},"end":{"line":342,"column":42}},"209":{"start":{"line":343,"column":4},"end":{"line":343,"column":64}},"210":{"start":{"line":343,"column":24},"end":{"line":343,"column":64}},"211":{"start":{"line":344,"column":4},"end":{"line":641,"column":5}},"212":{"start":{"line":345,"column":6},"end":{"line":345,"column":12}},"213":{"start":{"line":346,"column":6},"end":{"line":346,"column":39}},"214":{"start":{"line":351,"column":6},"end":{"line":352,"column":24}},"215":{"start":{"line":351,"column":19},"end":{"line":351,"column":32}},"216":{"start":{"line":352,"column":11},"end":{"line":352,"column":24}},"217":{"start":{"line":354,"column":6},"end":{"line":354,"column":19}},"218":{"start":{"line":354,"column":13},"end":{"line":354,"column":19}},"219":{"start":{"line":356,"column":6},"end":{"line":356,"column":72}},"220":{"start":{"line":356,"column":26},"end":{"line":356,"column":72}},"221":{"start":{"line":357,"column":6},"end":{"line":357,"column":25}},"222":{"start":{"line":358,"column":6},"end":{"line":361,"column":30}},"223":{"start":{"line":359,"column":8},"end":{"line":359,"column":23}},"224":{"start":{"line":360,"column":8},"end":{"line":360,"column":26}},"225":{"start":{"line":361,"column":13},"end":{"line":361,"column":30}},"226":{"start":{"line":362,"column":6},"end":{"line":640,"column":7}},"227":{"start":{"line":365,"column":10},"end":{"line":368,"column":55}},"228":{"start":{"line":365,"column":25},"end":{"line":365,"column":54}},"229":{"start":{"line":366,"column":15},"end":{"line":368,"column":55}},"230":{"start":{"line":366,"column":30},"end":{"line":366,"column":58}},"231":{"start":{"line":367,"column":15},"end":{"line":368,"column":55}},"232":{"start":{"line":368,"column":12},"end":{"line":368,"column":55}},"233":{"start":{"line":369,"column":8},"end":{"line":369,"column":17}},"234":{"start":{"line":373,"column":10},"end":{"line":373,"column":76}},"235":{"start":{"line":373,"column":67},"end":{"line":373,"column":76}},"236":{"start":{"line":374,"column":10},"end":{"line":384,"column":11}},"237":{"start":{"line":374,"column":42},"end":{"line":374,"column":73}},"238":{"start":{"line":376,"column":12},"end":{"line":383,"column":54}},"239":{"start":{"line":377,"column":14},"end":{"line":377,"column":43}},"240":{"start":{"line":378,"column":14},"end":{"line":378,"column":27}},"241":{"start":{"line":379,"column":14},"end":{"line":379,"column":44}},"242":{"start":{"line":380,"column":14},"end":{"line":380,"column":27}},"243":{"start":{"line":381,"column":14},"end":{"line":381,"column":59}},"244":{"start":{"line":382,"column":14},"end":{"line":382,"column":23}},"245":{"start":{"line":383,"column":20},"end":{"line":383,"column":54}},"246":{"start":{"line":385,"column":10},"end":{"line":386,"column":74}},"247":{"start":{"line":385,"column":24},"end":{"line":385,"column":48}},"248":{"start":{"line":386,"column":15},"end":{"line":386,"column":74}},"249":{"start":{"line":387,"column":8},"end":{"line":387,"column":17}},"250":{"start":{"line":391,"column":10},"end":{"line":391,"column":76}},"251":{"start":{"line":391,"column":67},"end":{"line":391,"column":76}},"252":{"start":{"line":392,"column":10},"end":{"line":392,"column":72}},"253":{"start":{"line":393,"column":10},"end":{"line":409,"column":45}},"254":{"start":{"line":394,"column":12},"end":{"line":398,"column":47}},"255":{"start":{"line":395,"column":14},"end":{"line":395,"column":48}},"256":{"start":{"line":396,"column":14},"end":{"line":396,"column":49}},"257":{"start":{"line":397,"column":15},"end":{"line":397,"column":28}},"258":{"start":{"line":398,"column":19},"end":{"line":398,"column":47}},"259":{"start":{"line":399,"column":12},"end":{"line":399,"column":36}},"260":{"start":{"line":400,"column":17},"end":{"line":409,"column":45}},"261":{"start":{"line":401,"column":12},"end":{"line":401,"column":46}},"262":{"start":{"line":402,"column":12},"end":{"line":402,"column":25}},"263":{"start":{"line":403,"column":12},"end":{"line":403,"column":57}},"264":{"start":{"line":404,"column":17},"end":{"line":409,"column":45}},"265":{"start":{"line":405,"column":12},"end":{"line":406,"column":48}},"266":{"start":{"line":406,"column":14},"end":{"line":406,"column":48}},"267":{"start":{"line":407,"column":12},"end":{"line":407,"column":31}},"268":{"start":{"line":408,"column":12},"end":{"line":408,"column":39}},"269":{"start":{"line":409,"column":17},"end":{"line":409,"column":45}},"270":{"start":{"line":410,"column":8},"end":{"line":410,"column":17
[...]
line":24,"column":31},"end":{"line":24,"column":50}},"14":{"start":{"line":25,"column":2},"end":{"line":25,"column":22}},"15":{"start":{"line":26,"column":2},"end":{"line":29,"column":3}},"16":{"start":{"line":27,"column":4},"end":{"line":27,"column":44}},"17":{"start":{"line":28,"column":4},"end":{"line":28,"column":8}},"18":{"start":{"line":32,"column":0},"end":{"line":39,"column":3}},"19":{"start":{"line":33,"column":2},"end":{"line":38,"column":3}},"20":{"start":{"line":34,"column":4},"end":{"line":34,"column":39}},"21":{"start":{"line":35,"column":4},"end":{"line":36,"column":28}},"22":{"start":{"line":35,"column":23},"end":{"line":35,"column":42}},"23":{"start":{"line":36,"column":9},"end":{"line":36,"column":28}},"24":{"start":{"line":37,"column":4},"end":{"line":37,"column":17}},"25":{"start":{"line":41,"column":0},"end":{"line":41,"column":64}}},"branchMap":{"1":{"line":11,"type":"if","locations":[{"start":{"line":11,"column":2},"end":{"line":11,"column":2}},{"start":{"line":11,"column":2},"end":{"line":11,"column":2}}]},"2":{"line":15,"type":"if","locations":[{"start":{"line":15,"column":2},"end":{"line":15,"column":2}},{"start":{"line":15,"column":2},"end":{"line":15,"column":2}}]},"3":{"line":33,"type":"if","locations":[{"start":{"line":33,"column":2},"end":{"line":33,"column":2}},{"start":{"line":33,"column":2},"end":{"line":33,"column":2}}]},"4":{"line":35,"type":"if","locations":[{"start":{"line":35,"column":4},"end":{"line":35,"column":4}},{"start":{"line":35,"column":4},"end":{"line":35,"column":4}}]}},"code":["// all npm authors sorted by number of repos","var fs             = require('fs')","  , clarinet       = require('../clarinet')","  , parse_stream   = clarinet.createStream()","  , author         = false","  , authors        = {}","  ;","","","parse_stream.on('openobject', function(name) {","  if(name==='author') author=true;","});","","parse_stream.on('key', function(name) {","  if(name==='author') author=true;","});","","parse_stream.on('end', function () {","  var sorted = []","    , i","    ;","  for (var a in authors)","    sorted.push([a, authors[a]]);","  sorted.sort(function(a, b) { return a[1] - b[1]; });","  i = sorted.length-1;","  while(i!==-1) {","    console.log(sorted.length-i, sorted[i]);","    i--;","  }","});","","parse_stream.on('value', function(value) {","  if(author) { ","    var current_count = authors[value];","    if (current_count) authors[value] +=1;","    else authors[value] = 1;","    author=false; ","  }","});","","fs.createReadStream(__dirname + '/npm.json').pipe(parse_stream);"],"l":{"2":1,"10":1,"11":32881,"14":1,"15":79137,"18":1,"19":0,"22":0,"23":0,"24":0,"25":0,"26":0,"27":0,"28":0,"32":1,"33":83076,"34":2446,"35":2446,"36":1180,"37":2446,"41":1}},"/home/travis/build/npmtest/node-npmtest-clarinet/node_modules/clarinet/samples/twitter.js":{"path":"/home/travis/build/npmtest/node-npmtest-clarinet/node_modules/clarinet/samples/twitter.js","s":{"1":2,"2":2,"3":0,"4":0,"5":0,"6":0,"7":0,"8":0,"9":0,"10":0,"11":0,"12":0,"13":0,"14":0,"15":0,"16":0,"17":0,"18":1,"19":0,"20":0,"21":0,"22":0,"23":0,"24":0,"25":0,"26":0,"27":0,"28":0,"29":0,"30":0,"31":0,"32":0,"33":0,"34":0,"35":0,"36":0,"37":0,"38":0,"39":0,"40":0,"41":0,"42":0,"43":0,"44":0,"45":0,"46":0,"47":0,"48":0,"49":0,"50":0,"51":0,"52":0,"53":0,"54":0,"55":0,"56":0,"57":0,"58":0,"59":0,"60":0,"61":0,"62":0,"63":0,"64":0,"65":0,"66":0,"67":0,"68":0,"69":0,"70":0,"71":0,"72":0,"73":0,"74":0,"75":0,"76":0,"77":0,"78":0,"79":0,"80":0,"81":0,"82":0,"83":0,"84":0,"85":0,"86":0,"87":0,"88":0,"89":0,"90":0,"91":0,"92":0,"93":0,"94":0,"95":0,"96":0,"97":0,"98":0,"99":0},"b":{"1":[0,0],"2":[0,0],"3":[0,0],"4":[0,0],"5":[0,0],"6":[0,0],"7":[0,0],"8":[0,0],"9":[0,0],"10":[0,0],"11":[0,0],"12":[0,0],"13":[0,0],"14":[0,0],"15":[0,0],"16":[0,0],"17":[0,0],"18":[0,0],"19":[0,0],"20":[0,0],"21":[0,0],"22":[0,0],"23":[0,0],"24":[0,0],"25":[0,0]},"f":{"1":0,"2":0,"3":0,"4":0,"5":0,"6":0,"7":0,"8":0,"9":0},"fnMap":{"1":{"name":"uri","line":24,"loc":{"start":{"line":24,"column":0},"end":{"line":24,"column":19}}},"2":{"name":"(anonymous_2)","line":36,"loc":{"start":{"line":36,"column":29},"end":{"line":36,"column":40}}},"3":{"name":"(anonymous_3)","line":44,"loc":{"start":{"line":44,"column":30},"end":{"line":44,"column":41}}},"4":{"name":"(anonymous_4)","line":63,"loc":{"start":{"line":63,"column":30},"end":{"line":63,"column":45}}},"5":{"name":"(anonymous_5)","line":74,"loc":{"start":{"line":74,"column":23},"end":{"line":74,"column":38}}},"6":{"name":"(anonymous_6)","line":84,"loc":{"start":{"line":84,"column":31},"end":{"line":84,"column":42}}},"7":{"name":"(anonymous_7)","line":92,"loc":{"start":{"line":92,"column":23},"end":{"line":92,"column":34}}},"8":{"name":"(anonymous_8)","line":98,"loc":{"start":{"line":98,"column":25},"end":{"line":98,"column":37}}},"9":{"name":"(anonymous_9)","line":120,"loc":{"start":{"line":120,"column":25},"end":{"line":120,"column":41}}}},"statementMap":{"1":{"start":{"line":2,"column":0},"end":{"line":4,"column":66}},"2":{"start":{"line":7,"column":0},"end":{"line":7,"column":40}},"3":{"start":{"line":8,"column":0},"end":{"line":8,"column":35}},"4":{"start":{"line":9,"column":0},"end":{"line":9,"column":44}},"5":{"start":{"line":10,"column":0},"end":{"line":10,"column":23}},"6":{"start":{"line":11,"column":0},"end":{"line":11,"column":24}},"7":{"start":{"line":12,"column":0},"end":{"line":12,"column":27}},"8":{"start":{"line":13,"column":0},"end":{"line":13,"column":45}},"9":{"start":{"line":14,"column":0},"end":{"line":14,"column":23}},"10":{"start":{"line":15,"column":0},"end":{"line":15,"column":23}},"11":{"start":{"line":16,"column":0},"end":{"line":16,"column":27}},"12":{"start":{"line":17,"column":0},"end":{"line":17,"column":27}},"13":{"start":{"line":18,"column":0},"end":{"line":18,"column":27}},"14":{"start":{"line":19,"column":0},"end":{"line":19,"column":24}},"15":{"start":{"line":20,"column":0},"end":{"line":20,"column":21}},"16":{"start":{"line":21,"column":0},"end":{"line":21,"column":25}},"17":{"start":{"line":22,"column":0},"end":{"line":22,"column":22}},"18":{"start":{"line":24,"column":0},"end":{"line":34,"column":1}},"19":{"start":{"line":25,"column":2},"end":{"line":25,"column":11}},"20":{"start":{"line":26,"column":2},"end":{"line":26,"column":14}},"21":{"start":{"line":26,"column":10},"end":{"line":26,"column":14}},"22":{"start":{"line":27,"column":2},"end":{"line":33,"column":16}},"23":{"start":{"line":28,"column":4},"end":{"line":28,"column":34}},"24":{"start":{"line":29,"column":4},"end":{"line":30,"column":28}},"25":{"start":{"line":33,"column":4},"end":{"line":33,"column":16}},"26":{"start":{"line":36,"column":0},"end":{"line":42,"column":3}},"27":{"start":{"line":37,"column":2},"end":{"line":37,"column":17}},"28":{"start":{"line":38,"column":2},"end":{"line":41,"column":3}},"29":{"start":{"line":39,"column":4},"end":{"line":39,"column":63}},"30":{"start":{"line":39,"column":27},"end":{"line":39,"column":44}},"31":{"start":{"line":39,"column":45},"end":{"line":39,"column":61}},"32":{"start":{"line":40,"column":4},"end":{"line":40,"column":17}},"33":{"start":{"line":44,"column":0},"end":{"line":61,"column":3}},"34":{"start":{"line":45,"column":2},"end":{"line":59,"column":3}},"35":{"start":{"line":46,"column":4},"end":{"line":46,"column":17}},"36":{"start":{"line":47,"column":4},"end":{"line":58,"column":5}},"37":{"start":{"line":48,"column":6},"end":{"line":48,"column":35}},"38":{"start":{"line":49,"column":6},"end":{"line":49,"column":18}},"39":{"start":{"line":50,"column":6},"end":{"line":50,"column":28}},"40":{"start":{"line":51,"column":6},"end":{"line":52,"column":30}},"41":{"start":{"line":52,"column":8},"end":{"line":52,"column":30}},"42":{"start":{"line":54,"column":6},"end":{"line":54,"column":40}},"43":{"start":{"line":55,"column":6},"end":{"line":55,"column":22}},"44":{"start":{"line":56,"column":6},"end":{"line":56,"column":23}},"45":{"start":{"line":57,"column":6},"end":{"line":57,"column":23}},"46":{"start":{"line":60,"column":2},"end":{"line":60,"column":17}},"47":{"start":{"line":63,"column":0},"end":{"line":72,"column":3}},"48":{"start":{"line":64,"column":2},"end":{"line":64,"column":17}},"49":{"start":{"line":65,"column":2},"end":{"line":71,"column":3}},"50":{"start":{"line":66,"column":4},"end":{"line":66,"column":56}},"51":{"start":{"line":66,"column":37},"end":{"line":66,"column":54}},"52":{"start":{"line":67,"column":4},"end":{"line":67,"column":51}},"53":{"start":{"line":67,"column":31},"end":{"line":67,"column":49}},"54":{"start":{"line":68,"column":4},"end":{"line":68,"column":37}},"55":{"start":{"line":69,"column":4},"end":{"line":69,"column":20}},"56":{"start":{"line":70,"column":4},"end":{"line":70,"column":15}},"57":{"start":{"line":74,"column":0},"end":{"line":82,"column":3}},"58":{"start":{"line":75,"column":2},"end":{"line":75,"column":17}},"59":{"start":{"line":76,"column":2},"end":{"line":78,"column":3}},"60":{"start":{"line":77,"column":4},"end":{"line":77,"column":38}},"61":{"start":{"line":79,"column":2},"end":{"line":81,"column":3}},"62":{"start":{"line":80,"column":4},"end":{"line":80,"column":25}},"63":{"start":{"line":84,"column":0},"end":{"line":90,"column":3}},"64":{"start":{"line":85,"column":2},"end":{"line":85,"column":17}},"65":{"start":{"line":86,"column":2},"end":{"line":89,"column":3}},"66":{"start":{"line":87,"column":4},"end":{"line":87,"column":15}},"67":{"start":{"line":88,"column":4},"end":{"line":88,"column":21}},"68":{"start":{"line":92,"column":0},"end":{"line":96,"column":3}},"69":{"start":{"line":93,"column":2},"end":{"line":93,"column":17}},"70":{"start":{"line":94,"column":2},"end":{"line":94,"column":48}},"71":{"start":{"line":94,"column":26},"end":{"line":94,"column":48}},"72":{"start":{"line":95,"column":2},"end":{"line":95,"column":31}},"73":{"start":{"line":98,"column":0},"end":{"line":118,"column":3}},"74":{"start":{"line":99,"column":2},"end":{"line":99,"column":12}},"75":{"start":{"line":100,"column":2},"end":{"line":109,"column":3}},"76":{"start":{"line":101,"column":4},"end":{"line":101,"column":22}},"77":{"start":{"line":102,"column":4},"end":{"line":108,"column":5}},"78":{"start":{"line":103,"column":6},"end":{"line":103,"column":23}},"79":{"start":{"line":104,"column":6},"end":{"line":104,"column":13}},"80":{"start":{"line":106,"column":6},"end":{"line":106,"column":12}},"81":{"start":{"line":107,"column":6},"end":{"line":107,"column":29}},"82":{"start":{"line":110,"column":2},"end":{"line":110,"column":25}},"83":{"start":{"line":111,"column":2},"end":{"line":111,"column":14}},"84":{"start":{"line":113,"column":2},"end":{"line":117,"column":3}},"85":{"start":{"line":114,"column":4},"end":{"line":115,"column":26}},"86":{"start":{"line":116,"column":4},"end":{"line":116,"column":8}},"87":{"start":{"line":120,"column":0},"end":{"line":129,"column":3}},"88":{"start":{"line":121,"column":2},"end":{"line":128,"column":3}},"89":{"start":{"line":122,"column":4},"end":{"line":122,"column":12}},"90":{"start":{"line":123,"column":4},"end":{"line":125,"column":21}},"91":{"start":{"line":124,"column":6},"end":{"line":124,"column":34}},"92":{"start":{"line":125,"column":9},"end":{"line":125,"column":21}},"93":{"start":{"line":126,"column":4},"end":{"line":127,"column":30}},"94":{"start":{"line":126,"column":18},"end":{"line":126,"column":39}},"95":{"start":{"line":127,"column":11},"end":{"line":127,"column":28}},"96":{"start":{"line":131,"column":0},"end":{"line":131,"column":18}},"97":{"start":{"line":132,"column":0},"end":{"line":134,"column":24}},"98":{"start":{"line":133,"column":2},"end":{"line":134,"column":24}},"99":{"start":{"line":135,"column":0},"end":{"line":135,"column":4}}},"branchMap":{"1":{"line":26,"type":"if","locations":[{"start":{"line":26,"column":2},"end":{"line":26,"column":2}},{"start":{"line":26,"column":2},"end":{"line":26,"column":2}}]},"2":{"line":27,"type":"if","locations":[{"start":{"line":27,"column":2},"end":{"line":27,"column":2}},{"start":{"line":27,"column":2},"end":{"line":27,"column":2}}]},"3":{"line":38,"type":"if","locations":[{"start":{"line":38,"column":2},"end":{"line":38,"column":2}},{"start":{"line":38,"column":2},"end":{"line":38,"column":2}}]},"4":{"line":39,"type":"if","locations":[{"start":{"line":39,"column":4},"end":{"line":39,"column":4}},{"start":{"line":39,"column":4},"end":{"line":39,"column":4}}]},"5":{"line":45,"type":"if","locations":[{"start":{"line":45,"column":2},"end":{"line":45,"column":2}},{"start":{"line":45,"column":2},"end":{"line":45,"column":2}}]},"6":{"line":47,"type":"if","locations":[{"start":{"line":47,"column":4},"end":{"line":47,"column":4}},{"start":{"line":47,"column":4},"end":{"line":47,"column":4}}]},"7":{"line":51,"type":"if","locations":[{"start":{"line":51,"column":6},"end":{"line":51,"column":6}},{"start":{"line":51,"column":6},"end":{"line":51,"column":6}}]},"8":{"line":65,"type":"if","locations":[{"start":{"line":65,"column":2},"end":{"line":65,"column":2}},{"start":{"line":65,"column":2},"end":{"line":65,"column":2}}]},"9":{"line":66,"type":"if","locations":[{"start":{"line":66,"column":4},"end":{"line":66,"column":4}},{"start":{"line":66,"column":4},"end":{"line":66,"column":4}}]},"10":{"line":66,"type":"binary-expr","locations":[{"start":{"line":66,"column":7},"end":{"line":66,"column":21}},{"start":{"line":66,"column":25},"end":{"line":66,"column":33}}]},"11":{"line":67,"type":"if","locations":[{"start":{"line":67,"column":4},"end":{"line":67,"column":4}},{"start":{"line":67,"column":4},"end":{"line":67,"column":4}}]},"12":{"line":76,"type":"if","locations":[{"start":{"line":76,"column":2},"end":{"line":76,"column":2}},{"start":{"line":76,"column":2},"end":{"line":76,"column":2}}]},"13":{"line":79,"type":"if","locations":[{"start":{"line":79,"column":2},"end":{"line":79,"column":2}},{"start":{"line":79,"column":2},"end":{"line":79,"column":2}}]},"14":{"line":79,"type":"binary-expr","locations":[{"start":{"line":79,"column":5},"end":{"line":79,"column":21}},{"start":{"line":79,"column":25},"end":{"line":79,"column":39}}]},"15":{"line":86,"type":"if","locations":[{"start":{"line":86,"column":2},"end":{"line":86,"column":2}},{"start":{"line":86,"column":2},"end":{"line":86,"column":2}}]},"16":{"line":94,"type":"if","locations":[{"start":{"line":94,"column":2},"end":{"line":94,"column":2}},{"start":{"line":94,"column":2},"end":{"line":94,"column":2}}]},"17":{"line":100,"type":"if","locations":[{"start":{"line":100,"column":2},"end":{"line":100,"column":2}},{"start":{"line":100,"column":2},"end":{"line":100,"column":2}}]},"18":{"line":102,"type":"if","locations":[{"start":{"line":102,"column":4},"end":{"line":102,"column":4}},{"start":{"line":102,"column":4},"end":{"line":102,"column":4}}]},"19":{"line":110,"type":"binary-expr","locations":[{"start":{"line":110,"column":10},"end":{"line":110,"column":15}},{"start":{"line":110,"column":19},"end":{"line":110,"column":24}}]},"20":{"line":113,"type":"if","locations":[{"start":{"line":113,"column":2},"end":{"line":113,"column":2}},{"start":{"line":113,"column":2},"end":{"line":113,"column":2}}]},"21":{"line":121,"type":"if","locations":[{"start":{"line":121,"column":2},"end":{"line":121,"column":2}},{"start":{"line":121,"column":2},"end":{"line":121,"column":2}}]},"22":{"line":123,"type":"if","locations":[{"start":{"line":123,"column":4},"end":{"line":123,"column":4}},{"start":{"line":123,"column":4},"end":{"line":123,"column":4}}]},"23":{"line":123,"type":"binary-expr","locations":[{"start":{"line":123,"column":7},"end":{"line":123,"column":32}},{"start":{"line":123,"column":36},"end":{"line":123,"column":50}}]},"24":{"line":126,"type":"if","locations":[{"start":{"line":126,"column":4},"end":{"line":126,"column":4}},{"start":{"line":126,"column":4},"end":{"line":126,"column":4}}]},"25":{"line":132,"type":"if","locations":[{"start":{"line":132,"column":0},"end":{"line":132,"column":0}},{"start":{"line":132,"column":0},"end":{"line":132,"column":0}}]}},"code":["// get a bunch of twitter streams","var stuff_to_search_for = ","  [ 'nodejs', 'nodejitsu', 'hadoop', 'couchdb', 'nosql', 'birds', 'dinosaurs'","  , 'fun', 'dscape', 'clown', 'joyent', 'nyc', 'usa', 'portugal'];","","// npm install request fast-list clarinet","var request        = require('request');","var fs             = require('fs');","var clarinet       = require('../clarinet');","var p              = 1;","var buffer         = [];","var tweets         = ['['];","var parse_stream   = clarinet.createStream();","var stacklevel     = 0;","var objlevel       = 0;","var found_results  = false;","var notfirst       = false;","var stop_searching = false;","var previous       = '';","var i            = 0;","var on_array     = false;","var array_vals   = [];","","function uri (pop) {","  var term;","  if(pop) i++;","  if(stuff_to_search_for[i]) {","    term = stuff_to_search_for[i];","    return 'http://search.twitter.com/search.json?q=' + term +","           '&rpp=100&page=';","  }","  else","    return null;","}","","parse_stream.on('openarray', function() {","  previous = '[';","  if(found_results) {","    if(stacklevel !== 0) { buffer.push('['); on_array = true; }","    stacklevel++;","  }","});","","parse_stream.on('closearray', function() {","  if(found_results) {","    stacklevel--;","    if(stacklevel === 0) {","      tweets.push(buffer.join(''));","      buffer = [];","      found_results = false;","      if(previous === '[')  // [] means no more results","        stop_searching = true;","    } else {","      buffer.push(array_vals.join(','));","      array_vals = [];","      on_array = false;","      buffer.push(']'); ","    }","  }","  previous = ']';","});","","parse_stream.on('openobject', function(name) {","  previous = '{';","  if(found_results) {","    if(objlevel === 0 && notfirst) { buffer.push(','); }","    if(name!=='result_type') { buffer.push('\\n'); }","    buffer.push('{\"' + name + '\": ');","    notfirst = true;","    objlevel++;","  }","});","","parse_stream.on('key', function(name) {","  previous = ':';","  if(found_results) {","    buffer.push(', \"' + name + '\": ');","  }","  if(name==='results' && !found_results) { ","    found_results = true; ","  }","});","","parse_stream.on('closeobject', function() {","  previous = '}';","  if(found_results) {","    objlevel--;","    buffer.push('}');","  }","});","","parse_stream.on('end', function() {","  previous = '!';","  if(tweets.length === 0) stop_searching = true;","  console.log(tweets.join(''));","});","","parse_stream.on('ready', function () {","  var r_uri;","  if(stop_searching) {","    r_uri = uri(true);","    if(r_uri === null) {","      console.log(']');","      return;","    } else { ","      p = 1; ","      stop_searching = false;","    }","  }","  r_uri = r_uri || uri();","  tweets = [];","  ","  if(r_uri!==null) {","    request.get(r_uri+p)","      .pipe(parse_stream);","    p++;","  }","});","","parse_stream.on('value', function(value) {","  if(found_results) {","    var bla;","    if(typeof value === 'string' || value === null)","      bla = JSON.stringify(value);","    else bla = value;","    if (on_array) array_vals.push(bla); ","    else { buffer.push(bla); }","  }","});","","var s_uri = uri();","if(s_uri!==null)","  request.get(uri()+p)","    .pipe(parse_stream);","p++;"],"l":{"2":2,"7":2,"8":0,"9":0,"10":0,"11":0,"12":0,"13":0,"14":0,"15":0,"16":0,"17":0,"18":0,"19":0,"20":0,"21":0,"22":0,"24":1,"25":0,"26":0,"27":0,"28":0,"29":0,"33":0,"36":0,"37":0,"38":0,"39":0,"40":0,"44":0,"45":0,"46":0,"47":0,"48":0,"49":0,"50":0,"51":0,"52":0,"54":0,"55":0,"56":0,"57":0,"60":0,"63":0,"64":0,"65":0,"66":0,"67":0,"68":0,"69":0,"70":0,"74":0,"75":0,"76":0,"77":0,"79":0,"80":0,"84":0,"85":0,"86":0,"87":0,"88":0,"92":0,"93":0,"94":0,"95":0,"98":0,"99":0,"100":0,"101":0,"102":0,"103":0,"104":0,"106":0,"107":0,"110":0,"111":0,"113":0,"114":0,"116":0,"120":0,"121":0,"122":0,"123":0,"124":0,"125":0,"126":0,"127":0,"131":0,"132":0,"133":0,"135":0}}}